{"total": {"lines":{"total":859,"covered":277,"skipped":0,"pct":32.24},"statements":{"total":868,"covered":281,"skipped":0,"pct":32.37},"functions":{"total":81,"covered":13,"skipped":0,"pct":16.04},"branches":{"total":235,"covered":32,"skipped":0,"pct":13.61},"branchesTrue":{"total":0,"covered":0,"skipped":0,"pct":100}}
,"/Users/koltanhauersperger/Documents/461/ece-461-project-part2/src/app.ts": {"lines":{"total":33,"covered":27,"skipped":0,"pct":81.81},"functions":{"total":5,"covered":2,"skipped":0,"pct":40},"statements":{"total":33,"covered":27,"skipped":0,"pct":81.81},"branches":{"total":3,"covered":2,"skipped":0,"pct":66.66}}
,"/Users/koltanhauersperger/Documents/461/ece-461-project-part2/src/logging.ts": {"lines":{"total":3,"covered":3,"skipped":0,"pct":100},"functions":{"total":0,"covered":0,"skipped":0,"pct":100},"statements":{"total":3,"covered":3,"skipped":0,"pct":100},"branches":{"total":0,"covered":0,"skipped":0,"pct":100}}
,"/Users/koltanhauersperger/Documents/461/ece-461-project-part2/src/config/config.ts": {"lines":{"total":56,"covered":24,"skipped":0,"pct":42.85},"functions":{"total":11,"covered":2,"skipped":0,"pct":18.18},"statements":{"total":56,"covered":24,"skipped":0,"pct":42.85},"branches":{"total":4,"covered":4,"skipped":0,"pct":100}}
,"/Users/koltanhauersperger/Documents/461/ece-461-project-part2/src/controller/package.controller.ts": {"lines":{"total":135,"covered":43,"skipped":0,"pct":31.85},"functions":{"total":6,"covered":2,"skipped":0,"pct":33.33},"statements":{"total":136,"covered":44,"skipped":0,"pct":32.35},"branches":{"total":50,"covered":20,"skipped":0,"pct":40}}
,"/Users/koltanhauersperger/Documents/461/ece-461-project-part2/src/middleware/authorizeUser.ts": {"lines":{"total":89,"covered":6,"skipped":0,"pct":6.74},"functions":{"total":2,"covered":0,"skipped":0,"pct":0},"statements":{"total":90,"covered":7,"skipped":0,"pct":7.77},"branches":{"total":51,"covered":0,"skipped":0,"pct":0}}
,"/Users/koltanhauersperger/Documents/461/ece-461-project-part2/src/middleware/hashfunc.ts": {"lines":{"total":9,"covered":3,"skipped":0,"pct":33.33},"functions":{"total":2,"covered":0,"skipped":0,"pct":0},"statements":{"total":9,"covered":3,"skipped":0,"pct":33.33},"branches":{"total":0,"covered":0,"skipped":0,"pct":100}}
,"/Users/koltanhauersperger/Documents/461/ece-461-project-part2/src/middleware/validate.ts": {"lines":{"total":9,"covered":3,"skipped":0,"pct":33.33},"functions":{"total":3,"covered":1,"skipped":0,"pct":33.33},"statements":{"total":11,"covered":4,"skipped":0,"pct":36.36},"branches":{"total":6,"covered":0,"skipped":0,"pct":0}}
,"/Users/koltanhauersperger/Documents/461/ece-461-project-part2/src/model/package.ts": {"lines":{"total":7,"covered":7,"skipped":0,"pct":100},"functions":{"total":0,"covered":0,"skipped":0,"pct":100},"statements":{"total":7,"covered":7,"skipped":0,"pct":100},"branches":{"total":0,"covered":0,"skipped":0,"pct":100}}
,"/Users/koltanhauersperger/Documents/461/ece-461-project-part2/src/model/packageData.ts": {"lines":{"total":7,"covered":7,"skipped":0,"pct":100},"functions":{"total":0,"covered":0,"skipped":0,"pct":100},"statements":{"total":7,"covered":7,"skipped":0,"pct":100},"branches":{"total":0,"covered":0,"skipped":0,"pct":100}}
,"/Users/koltanhauersperger/Documents/461/ece-461-project-part2/src/model/packageHistoryEntry.ts": {"lines":{"total":5,"covered":5,"skipped":0,"pct":100},"functions":{"total":0,"covered":0,"skipped":0,"pct":100},"statements":{"total":5,"covered":5,"skipped":0,"pct":100},"branches":{"total":0,"covered":0,"skipped":0,"pct":100}}
,"/Users/koltanhauersperger/Documents/461/ece-461-project-part2/src/model/packageMetadata.ts": {"lines":{"total":5,"covered":5,"skipped":0,"pct":100},"functions":{"total":0,"covered":0,"skipped":0,"pct":100},"statements":{"total":5,"covered":5,"skipped":0,"pct":100},"branches":{"total":0,"covered":0,"skipped":0,"pct":100}}
,"/Users/koltanhauersperger/Documents/461/ece-461-project-part2/src/model/packageQuery.ts": {"lines":{"total":5,"covered":5,"skipped":0,"pct":100},"functions":{"total":0,"covered":0,"skipped":0,"pct":100},"statements":{"total":5,"covered":5,"skipped":0,"pct":100},"branches":{"total":0,"covered":0,"skipped":0,"pct":100}}
,"/Users/koltanhauersperger/Documents/461/ece-461-project-part2/src/model/packageRating.ts": {"lines":{"total":6,"covered":6,"skipped":0,"pct":100},"functions":{"total":0,"covered":0,"skipped":0,"pct":100},"statements":{"total":6,"covered":6,"skipped":0,"pct":100},"branches":{"total":0,"covered":0,"skipped":0,"pct":100}}
,"/Users/koltanhauersperger/Documents/461/ece-461-project-part2/src/model/transform.ts": {"lines":{"total":5,"covered":1,"skipped":0,"pct":20},"functions":{"total":1,"covered":0,"skipped":0,"pct":0},"statements":{"total":5,"covered":1,"skipped":0,"pct":20},"branches":{"total":0,"covered":0,"skipped":0,"pct":100}}
,"/Users/koltanhauersperger/Documents/461/ece-461-project-part2/src/model/user.ts": {"lines":{"total":5,"covered":5,"skipped":0,"pct":100},"functions":{"total":0,"covered":0,"skipped":0,"pct":100},"statements":{"total":5,"covered":5,"skipped":0,"pct":100},"branches":{"total":0,"covered":0,"skipped":0,"pct":100}}
,"/Users/koltanhauersperger/Documents/461/ece-461-project-part2/src/model/userAuthenticationInfo.ts": {"lines":{"total":4,"covered":4,"skipped":0,"pct":100},"functions":{"total":0,"covered":0,"skipped":0,"pct":100},"statements":{"total":4,"covered":4,"skipped":0,"pct":100},"branches":{"total":0,"covered":0,"skipped":0,"pct":100}}
,"/Users/koltanhauersperger/Documents/461/ece-461-project-part2/src/route/authenticate.route.ts": {"lines":{"total":19,"covered":6,"skipped":0,"pct":31.57},"functions":{"total":1,"covered":0,"skipped":0,"pct":0},"statements":{"total":19,"covered":6,"skipped":0,"pct":31.57},"branches":{"total":2,"covered":0,"skipped":0,"pct":0}}
,"/Users/koltanhauersperger/Documents/461/ece-461-project-part2/src/route/package.route.ts": {"lines":{"total":149,"covered":24,"skipped":0,"pct":16.1},"functions":{"total":15,"covered":0,"skipped":0,"pct":0},"statements":{"total":149,"covered":24,"skipped":0,"pct":16.1},"branches":{"total":61,"covered":0,"skipped":0,"pct":0}}
,"/Users/koltanhauersperger/Documents/461/ece-461-project-part2/src/route/packages.route.ts": {"lines":{"total":58,"covered":19,"skipped":0,"pct":32.75},"functions":{"total":13,"covered":4,"skipped":0,"pct":30.76},"statements":{"total":60,"covered":20,"skipped":0,"pct":33.33},"branches":{"total":18,"covered":1,"skipped":0,"pct":5.55}}
,"/Users/koltanhauersperger/Documents/461/ece-461-project-part2/src/route/reset.route.ts": {"lines":{"total":26,"covered":9,"skipped":0,"pct":34.61},"functions":{"total":2,"covered":0,"skipped":0,"pct":0},"statements":{"total":27,"covered":9,"skipped":0,"pct":33.33},"branches":{"total":1,"covered":0,"skipped":0,"pct":0}}
,"/Users/koltanhauersperger/Documents/461/ece-461-project-part2/src/route/user.route.ts": {"lines":{"total":40,"covered":8,"skipped":0,"pct":20},"functions":{"total":4,"covered":0,"skipped":0,"pct":0},"statements":{"total":42,"covered":8,"skipped":0,"pct":19.04},"branches":{"total":8,"covered":0,"skipped":0,"pct":0}}
,"/Users/koltanhauersperger/Documents/461/ece-461-project-part2/src/service/misc.ts": {"lines":{"total":51,"covered":33,"skipped":0,"pct":64.7},"functions":{"total":2,"covered":2,"skipped":0,"pct":100},"statements":{"total":51,"covered":33,"skipped":0,"pct":64.7},"branches":{"total":17,"covered":5,"skipped":0,"pct":29.41}}
,"/Users/koltanhauersperger/Documents/461/ece-461-project-part2/src/service/rate.ts": {"lines":{"total":19,"covered":6,"skipped":0,"pct":31.57},"functions":{"total":2,"covered":0,"skipped":0,"pct":0},"statements":{"total":19,"covered":6,"skipped":0,"pct":31.57},"branches":{"total":1,"covered":0,"skipped":0,"pct":0}}
,"/Users/koltanhauersperger/Documents/461/ece-461-project-part2/src/service/zip.ts": {"lines":{"total":114,"covered":18,"skipped":0,"pct":15.78},"functions":{"total":12,"covered":0,"skipped":0,"pct":0},"statements":{"total":114,"covered":18,"skipped":0,"pct":15.78},"branches":{"total":13,"covered":0,"skipped":0,"pct":0}}
}
