{"/Users/koltanhauersperger/Documents/461/ece-461-project-part2/src/app.ts": {"path":"/Users/koltanhauersperger/Documents/461/ece-461-project-part2/src/app.ts","statementMap":{"0":{"start":{"line":1,"column":0},"end":{"line":1,"column":30}},"1":{"start":{"line":4,"column":0},"end":{"line":4,"column":30}},"2":{"start":{"line":5,"column":0},"end":{"line":5,"column":35}},"3":{"start":{"line":6,"column":0},"end":{"line":6,"column":54}},"4":{"start":{"line":7,"column":0},"end":{"line":7,"column":56}},"5":{"start":{"line":8,"column":0},"end":{"line":8,"column":56}},"6":{"start":{"line":9,"column":0},"end":{"line":9,"column":50}},"7":{"start":{"line":10,"column":0},"end":{"line":10,"column":48}},"8":{"start":{"line":11,"column":0},"end":{"line":11,"column":70}},"9":{"start":{"line":12,"column":11},"end":{"line":12,"column":26}},"10":{"start":{"line":16,"column":14},"end":{"line":16,"column":23}},"11":{"start":{"line":18,"column":2},"end":{"line":18,"column":47}},"12":{"start":{"line":20,"column":2},"end":{"line":20,"column":43}},"13":{"start":{"line":21,"column":2},"end":{"line":21,"column":18}},"14":{"start":{"line":22,"column":2},"end":{"line":22,"column":51}},"15":{"start":{"line":25,"column":2},"end":{"line":27,"column":5}},"16":{"start":{"line":26,"column":4},"end":{"line":26,"column":40}},"17":{"start":{"line":29,"column":2},"end":{"line":29,"column":37}},"18":{"start":{"line":30,"column":2},"end":{"line":30,"column":39}},"19":{"start":{"line":31,"column":2},"end":{"line":31,"column":39}},"20":{"start":{"line":32,"column":2},"end":{"line":32,"column":33}},"21":{"start":{"line":33,"column":2},"end":{"line":33,"column":31}},"22":{"start":{"line":35,"column":2},"end":{"line":35,"column":13}},"23":{"start":{"line":39,"column":23},"end":{"line":39,"column":55}},"24":{"start":{"line":41,"column":2},"end":{"line":43,"column":5}},"25":{"start":{"line":42,"column":4},"end":{"line":42,"column":53}},"26":{"start":{"line":45,"column":2},"end":{"line":45,"column":13}},"27":{"start":{"line":50,"column":2},"end":{"line":50,"column":19}},"28":{"start":{"line":53,"column":12},"end":{"line":53,"column":26}},"29":{"start":{"line":54,"column":2},"end":{"line":54,"column":25}},"30":{"start":{"line":58,"column":0},"end":{"line":60,"column":null}},"31":{"start":{"line":59,"column":2},"end":{"line":59,"column":9}},"32":{"start":{"line":62,"column":13},"end":{"line":65,"column":2}}},"fnMap":{"0":{"name":"defineServer","decl":{"start":{"line":15,"column":9},"end":{"line":15,"column":21}},"loc":{"start":{"line":15,"column":21},"end":{"line":36,"column":1}}},"1":{"name":"(anonymous_2)","decl":{"start":{"line":25,"column":15},"end":{"line":25,"column":16}},"loc":{"start":{"line":25,"column":34},"end":{"line":27,"column":3}}},"2":{"name":"startServer","decl":{"start":{"line":38,"column":9},"end":{"line":38,"column":20}},"loc":{"start":{"line":38,"column":24},"end":{"line":46,"column":1}}},"3":{"name":"(anonymous_4)","decl":{"start":{"line":41,"column":25},"end":{"line":41,"column":28}},"loc":{"start":{"line":41,"column":30},"end":{"line":43,"column":3}}},"4":{"name":"main","decl":{"start":{"line":48,"column":9},"end":{"line":48,"column":13}},"loc":{"start":{"line":48,"column":13},"end":{"line":55,"column":1}}}},"branchMap":{"0":{"loc":{"start":{"line":39,"column":30},"end":{"line":39,"column":54}},"type":"binary-expr","locations":[{"start":{"line":39,"column":30},"end":{"line":39,"column":46}},{"start":{"line":39,"column":50},"end":{"line":39,"column":54}}]},"1":{"loc":{"start":{"line":58,"column":0},"end":{"line":60,"column":null}},"type":"if","locations":[{"start":{"line":58,"column":0},"end":{"line":60,"column":null}}]}},"s":{"0":1,"1":1,"2":1,"3":1,"4":1,"5":1,"6":1,"7":1,"8":1,"9":1,"10":1,"11":1,"12":1,"13":1,"14":1,"15":1,"16":0,"17":1,"18":1,"19":1,"20":1,"21":1,"22":1,"23":1,"24":1,"25":0,"26":1,"27":0,"28":0,"29":0,"30":1,"31":0,"32":1},"f":{"0":1,"1":0,"2":1,"3":0,"4":0},"b":{"0":[1,1],"1":[0]}}
,"/Users/koltanhauersperger/Documents/461/ece-461-project-part2/src/logging.ts": {"path":"/Users/koltanhauersperger/Documents/461/ece-461-project-part2/src/logging.ts","statementMap":{"0":{"start":{"line":1,"column":0},"end":{"line":1,"column":30}},"1":{"start":{"line":2,"column":0},"end":{"line":2,"column":24}},"2":{"start":{"line":5,"column":13},"end":{"line":17,"column":3}}},"fnMap":{},"branchMap":{},"s":{"0":4,"1":4,"2":4},"f":{},"b":{}}
,"/Users/koltanhauersperger/Documents/461/ece-461-project-part2/src/config/config.ts": {"path":"/Users/koltanhauersperger/Documents/461/ece-461-project-part2/src/config/config.ts","statementMap":{"0":{"start":{"line":1,"column":42},"end":{"line":1,"column":60}},"1":{"start":{"line":2,"column":0},"end":{"line":2,"column":32}},"2":{"start":{"line":3,"column":0},"end":{"line":3,"column":36}},"3":{"start":{"line":4,"column":0},"end":{"line":4,"column":25}},"4":{"start":{"line":5,"column":0},"end":{"line":5,"column":24}},"5":{"start":{"line":6,"column":0},"end":{"line":6,"column":50}},"6":{"start":{"line":15,"column":2},"end":{"line":15,"column":60}},"7":{"start":{"line":18,"column":27},"end":{"line":18,"column":66}},"8":{"start":{"line":19,"column":27},"end":{"line":19,"column":77}},"9":{"start":{"line":25,"column":27},"end":{"line":25,"column":37}},"10":{"start":{"line":26,"column":14},"end":{"line":26,"column":294}},"11":{"start":{"line":28,"column":2},"end":{"line":28,"column":30}},"12":{"start":{"line":31,"column":11},"end":{"line":31,"column":37}},"13":{"start":{"line":32,"column":2},"end":{"line":34,"column":5}},"14":{"start":{"line":36,"column":2},"end":{"line":36,"column":56}},"15":{"start":{"line":9,"column":0},"end":{"line":9,"column":22}},"16":{"start":{"line":44,"column":2},"end":{"line":44,"column":70}},"17":{"start":{"line":46,"column":2},"end":{"line":46,"column":30}},"18":{"start":{"line":48,"column":2},"end":{"line":48,"column":66}},"19":{"start":{"line":39,"column":0},"end":{"line":39,"column":22}},"20":{"start":{"line":58,"column":25},"end":{"line":58,"column":48}},"21":{"start":{"line":61,"column":2},"end":{"line":65,"column":null}},"22":{"start":{"line":62,"column":4},"end":{"line":62,"column":28}},"23":{"start":{"line":64,"column":4},"end":{"line":64,"column":66}},"24":{"start":{"line":67,"column":2},"end":{"line":67,"column":75}},"25":{"start":{"line":68,"column":2},"end":{"line":86,"column":null}},"26":{"start":{"line":69,"column":17},"end":{"line":69,"column":60}},"27":{"start":{"line":70,"column":4},"end":{"line":70,"column":25}},"28":{"start":{"line":71,"column":4},"end":{"line":71,"column":19}},"29":{"start":{"line":73,"column":4},"end":{"line":83,"column":9}},"30":{"start":{"line":76,"column":8},"end":{"line":76,"column":77}},"31":{"start":{"line":79,"column":8},"end":{"line":81,"column":10}},"32":{"start":{"line":82,"column":8},"end":{"line":82,"column":35}},"33":{"start":{"line":85,"column":4},"end":{"line":85,"column":35}},"34":{"start":{"line":51,"column":0},"end":{"line":51,"column":22}},"35":{"start":{"line":97,"column":2},"end":{"line":97,"column":77}},"36":{"start":{"line":99,"column":2},"end":{"line":99,"column":68}},"37":{"start":{"line":101,"column":2},"end":{"line":115,"column":7}},"38":{"start":{"line":105,"column":6},"end":{"line":107,"column":8}},"39":{"start":{"line":108,"column":6},"end":{"line":108,"column":28}},"40":{"start":{"line":111,"column":6},"end":{"line":111,"column":60}},"41":{"start":{"line":112,"column":6},"end":{"line":112,"column":52}},"42":{"start":{"line":113,"column":6},"end":{"line":113,"column":33}},"43":{"start":{"line":114,"column":6},"end":{"line":114,"column":30}},"44":{"start":{"line":90,"column":0},"end":{"line":90,"column":22}},"45":{"start":{"line":119,"column":2},"end":{"line":119,"column":74}},"46":{"start":{"line":121,"column":2},"end":{"line":125,"column":null}},"47":{"start":{"line":122,"column":4},"end":{"line":122,"column":28}},"48":{"start":{"line":124,"column":4},"end":{"line":124,"column":68}},"49":{"start":{"line":118,"column":0},"end":{"line":118,"column":22}},"50":{"start":{"line":129,"column":2},"end":{"line":129,"column":25}},"51":{"start":{"line":131,"column":2},"end":{"line":131,"column":76}},"52":{"start":{"line":133,"column":2},"end":{"line":135,"column":5}},"53":{"start":{"line":134,"column":4},"end":{"line":134,"column":28}},"54":{"start":{"line":137,"column":2},"end":{"line":137,"column":75}},"55":{"start":{"line":128,"column":0},"end":{"line":128,"column":22}}},"fnMap":{"0":{"name":"connectToMongo","decl":{"start":{"line":9,"column":22},"end":{"line":9,"column":36}},"loc":{"start":{"line":9,"column":36},"end":{"line":37,"column":null}}},"1":{"name":"disconnectFromMongo","decl":{"start":{"line":39,"column":22},"end":{"line":39,"column":41}},"loc":{"start":{"line":39,"column":41},"end":{"line":49,"column":null}}},"2":{"name":"uploadFileToMongo","decl":{"start":{"line":51,"column":22},"end":{"line":51,"column":39}},"loc":{"start":{"line":53,"column":29},"end":{"line":88,"column":null}}},"3":{"name":"(anonymous_20)","decl":{"start":{"line":75,"column":19},"end":{"line":75,"column":29}},"loc":{"start":{"line":75,"column":34},"end":{"line":77,"column":7}}},"4":{"name":"(anonymous_21)","decl":{"start":{"line":78,"column":20},"end":{"line":78,"column":null}},"loc":{"start":{"line":78,"column":20},"end":{"line":83,"column":7}}},"5":{"name":"downloadFileFromMongo","decl":{"start":{"line":90,"column":22},"end":{"line":90,"column":43}},"loc":{"start":{"line":92,"column":20},"end":{"line":116,"column":null}}},"6":{"name":"(anonymous_24)","decl":{"start":{"line":104,"column":17},"end":{"line":104,"column":27}},"loc":{"start":{"line":104,"column":32},"end":{"line":109,"column":5}}},"7":{"name":"(anonymous_25)","decl":{"start":{"line":110,"column":18},"end":{"line":110,"column":null}},"loc":{"start":{"line":110,"column":18},"end":{"line":115,"column":5}}},"8":{"name":"deleteFileFromMongo","decl":{"start":{"line":118,"column":22},"end":{"line":118,"column":41}},"loc":{"start":{"line":118,"column":69},"end":{"line":126,"column":null}}},"9":{"name":"deleteAllFilesFromMongo","decl":{"start":{"line":128,"column":22},"end":{"line":128,"column":45}},"loc":{"start":{"line":128,"column":45},"end":{"line":138,"column":null}}},"10":{"name":"(anonymous_30)","decl":{"start":{"line":133,"column":44},"end":{"line":133,"column":45}},"loc":{"start":{"line":133,"column":53},"end":{"line":135,"column":3}}}},"branchMap":{"0":{"loc":{"start":{"line":18,"column":27},"end":{"line":18,"column":66}},"type":"binary-expr","locations":[{"start":{"line":18,"column":27},"end":{"line":18,"column":55}},{"start":{"line":18,"column":59},"end":{"line":18,"column":66}}]},"1":{"loc":{"start":{"line":19,"column":27},"end":{"line":19,"column":77}},"type":"binary-expr","locations":[{"start":{"line":19,"column":27},"end":{"line":19,"column":55}},{"start":{"line":19,"column":59},"end":{"line":19,"column":77}}]}},"s":{"0":2,"1":2,"2":2,"3":2,"4":2,"5":2,"6":6,"7":6,"8":6,"9":6,"10":6,"11":6,"12":6,"13":6,"14":6,"15":2,"16":6,"17":6,"18":6,"19":2,"20":0,"21":0,"22":0,"23":0,"24":0,"25":0,"26":0,"27":0,"28":0,"29":0,"30":0,"31":0,"32":0,"33":0,"34":2,"35":0,"36":0,"37":0,"38":0,"39":0,"40":0,"41":0,"42":0,"43":0,"44":2,"45":0,"46":0,"47":0,"48":0,"49":2,"50":0,"51":0,"52":0,"53":0,"54":0,"55":2},"f":{"0":6,"1":6,"2":0,"3":0,"4":0,"5":0,"6":0,"7":0,"8":0,"9":0,"10":0},"b":{"0":[6,6],"1":[6,6]}}
,"/Users/koltanhauersperger/Documents/461/ece-461-project-part2/src/controller/package.controller.ts": {"path":"/Users/koltanhauersperger/Documents/461/ece-461-project-part2/src/controller/package.controller.ts","statementMap":{"0":{"start":{"line":1,"column":0},"end":{"line":1,"column":36}},"1":{"start":{"line":5,"column":0},"end":{"line":5,"column":72}},"2":{"start":{"line":6,"column":0},"end":{"line":6,"column":null}},"3":{"start":{"line":13,"column":0},"end":{"line":13,"column":63}},"4":{"start":{"line":14,"column":0},"end":{"line":14,"column":null}},"5":{"start":{"line":19,"column":0},"end":{"line":19,"column":48}},"6":{"start":{"line":20,"column":0},"end":{"line":20,"column":66}},"7":{"start":{"line":21,"column":0},"end":{"line":21,"column":54}},"8":{"start":{"line":22,"column":0},"end":{"line":22,"column":53}},"9":{"start":{"line":23,"column":0},"end":{"line":23,"column":24}},"10":{"start":{"line":24,"column":0},"end":{"line":24,"column":20}},"11":{"start":{"line":25,"column":0},"end":{"line":25,"column":26}},"12":{"start":{"line":26,"column":18},"end":{"line":26,"column":42}},"13":{"start":{"line":28,"column":27},"end":{"line":203,"column":2}},"14":{"start":{"line":32,"column":4},"end":{"line":203,"column":2}},"15":{"start":{"line":33,"column":2},"end":{"line":33,"column":57}},"16":{"start":{"line":37,"column":29},"end":{"line":37,"column":31}},"17":{"start":{"line":40,"column":29},"end":{"line":40,"column":31}},"18":{"start":{"line":41,"column":30},"end":{"line":41,"column":35}},"19":{"start":{"line":42,"column":25},"end":{"line":42,"column":27}},"20":{"start":{"line":45,"column":2},"end":{"line":47,"column":5}},"21":{"start":{"line":49,"column":2},"end":{"line":55,"column":null}},"22":{"start":{"line":50,"column":4},"end":{"line":50,"column":65}},"23":{"start":{"line":51,"column":4},"end":{"line":51,"column":56}},"24":{"start":{"line":52,"column":9},"end":{"line":55,"column":null}},"25":{"start":{"line":53,"column":4},"end":{"line":53,"column":68}},"26":{"start":{"line":54,"column":4},"end":{"line":54,"column":56}},"27":{"start":{"line":57,"column":2},"end":{"line":57,"column":57}},"28":{"start":{"line":58,"column":2},"end":{"line":58,"column":60}},"29":{"start":{"line":61,"column":16},"end":{"line":61,"column":35}},"30":{"start":{"line":62,"column":2},"end":{"line":65,"column":5}},"31":{"start":{"line":66,"column":32},"end":{"line":66,"column":53}},"32":{"start":{"line":67,"column":2},"end":{"line":73,"column":null}},"33":{"start":{"line":68,"column":4},"end":{"line":71,"column":6}},"34":{"start":{"line":72,"column":4},"end":{"line":72,"column":59}},"35":{"start":{"line":76,"column":2},"end":{"line":99,"column":null}},"36":{"start":{"line":77,"column":4},"end":{"line":77,"column":64}},"37":{"start":{"line":78,"column":4},"end":{"line":78,"column":54}},"38":{"start":{"line":80,"column":4},"end":{"line":80,"column":50}},"39":{"start":{"line":81,"column":4},"end":{"line":98,"column":null}},"40":{"start":{"line":82,"column":6},"end":{"line":82,"column":58}},"41":{"start":{"line":83,"column":6},"end":{"line":87,"column":null}},"42":{"start":{"line":84,"column":8},"end":{"line":84,"column":79}},"43":{"start":{"line":85,"column":8},"end":{"line":85,"column":39}},"44":{"start":{"line":86,"column":8},"end":{"line":86,"column":76}},"45":{"start":{"line":88,"column":6},"end":{"line":91,"column":8}},"46":{"start":{"line":93,"column":6},"end":{"line":95,"column":8}},"47":{"start":{"line":96,"column":6},"end":{"line":96,"column":37}},"48":{"start":{"line":97,"column":6},"end":{"line":97,"column":53}},"49":{"start":{"line":101,"column":2},"end":{"line":105,"column":31}},"50":{"start":{"line":107,"column":2},"end":{"line":107,"column":73}},"51":{"start":{"line":108,"column":2},"end":{"line":112,"column":null}},"52":{"start":{"line":109,"column":4},"end":{"line":109,"column":73}},"53":{"start":{"line":110,"column":4},"end":{"line":110,"column":35}},"54":{"start":{"line":111,"column":4},"end":{"line":111,"column":58}},"55":{"start":{"line":114,"column":2},"end":{"line":118,"column":null}},"56":{"start":{"line":115,"column":4},"end":{"line":115,"column":69}},"57":{"start":{"line":116,"column":4},"end":{"line":116,"column":35}},"58":{"start":{"line":117,"column":4},"end":{"line":117,"column":58}},"59":{"start":{"line":120,"column":2},"end":{"line":123,"column":null}},"60":{"start":{"line":121,"column":4},"end":{"line":121,"column":35}},"61":{"start":{"line":122,"column":4},"end":{"line":122,"column":59}},"62":{"start":{"line":126,"column":2},"end":{"line":144,"column":null}},"63":{"start":{"line":127,"column":4},"end":{"line":127,"column":51}},"64":{"start":{"line":129,"column":4},"end":{"line":129,"column":51}},"65":{"start":{"line":132,"column":4},"end":{"line":138,"column":null}},"66":{"start":{"line":133,"column":6},"end":{"line":133,"column":78}},"67":{"start":{"line":134,"column":6},"end":{"line":136,"column":73}},"68":{"start":{"line":137,"column":6},"end":{"line":137,"column":13}},"69":{"start":{"line":141,"column":20},"end":{"line":141,"column":50}},"70":{"start":{"line":142,"column":4},"end":{"line":142,"column":40}},"71":{"start":{"line":143,"column":4},"end":{"line":143,"column":21}},"72":{"start":{"line":146,"column":25},"end":{"line":150,"column":null}},"73":{"start":{"line":152,"column":25},"end":{"line":152,"column":63}},"74":{"start":{"line":154,"column":2},"end":{"line":168,"column":null}},"75":{"start":{"line":156,"column":4},"end":{"line":156,"column":71}},"76":{"start":{"line":158,"column":4},"end":{"line":158,"column":64}},"77":{"start":{"line":159,"column":4},"end":{"line":159,"column":68}},"78":{"start":{"line":161,"column":4},"end":{"line":165,"column":null}},"79":{"start":{"line":162,"column":6},"end":{"line":162,"column":74}},"80":{"start":{"line":163,"column":6},"end":{"line":163,"column":37}},"81":{"start":{"line":164,"column":6},"end":{"line":164,"column":60}},"82":{"start":{"line":167,"column":4},"end":{"line":167,"column":61}},"83":{"start":{"line":171,"column":2},"end":{"line":171,"column":58}},"84":{"start":{"line":172,"column":2},"end":{"line":174,"column":null}},"85":{"start":{"line":173,"column":4},"end":{"line":173,"column":66}},"86":{"start":{"line":177,"column":2},"end":{"line":177,"column":67}},"87":{"start":{"line":178,"column":2},"end":{"line":178,"column":63}},"88":{"start":{"line":182,"column":2},"end":{"line":182,"column":51}},"89":{"start":{"line":185,"column":2},"end":{"line":185,"column":38}},"90":{"start":{"line":186,"column":2},"end":{"line":186,"column":42}},"91":{"start":{"line":188,"column":2},"end":{"line":188,"column":31}},"92":{"start":{"line":189,"column":2},"end":{"line":192,"column":4}},"93":{"start":{"line":194,"column":2},"end":{"line":194,"column":38}},"94":{"start":{"line":196,"column":2},"end":{"line":196,"column":61}},"95":{"start":{"line":200,"column":2},"end":{"line":200,"column":33}},"96":{"start":{"line":202,"column":2},"end":{"line":202,"column":58}},"97":{"start":{"line":28,"column":13},"end":{"line":28,"column":27}},"98":{"start":{"line":210,"column":15},"end":{"line":210,"column":17}},"99":{"start":{"line":237,"column":2},"end":{"line":240,"column":null}},"100":{"start":{"line":238,"column":4},"end":{"line":238,"column":40}},"101":{"start":{"line":239,"column":4},"end":{"line":239,"column":19}},"102":{"start":{"line":242,"column":2},"end":{"line":244,"column":14}},"103":{"start":{"line":246,"column":2},"end":{"line":267,"column":null}},"104":{"start":{"line":247,"column":21},"end":{"line":247,"column":44}},"105":{"start":{"line":248,"column":21},"end":{"line":248,"column":34}},"106":{"start":{"line":250,"column":4},"end":{"line":263,"column":null}},"107":{"start":{"line":251,"column":28},"end":{"line":251,"column":39}},"108":{"start":{"line":253,"column":6},"end":{"line":256,"column":8}},"109":{"start":{"line":257,"column":6},"end":{"line":257,"column":36}},"110":{"start":{"line":259,"column":6},"end":{"line":261,"column":8}},"111":{"start":{"line":262,"column":6},"end":{"line":262,"column":21}},"112":{"start":{"line":265,"column":4},"end":{"line":265,"column":78}},"113":{"start":{"line":266,"column":4},"end":{"line":266,"column":19}},"114":{"start":{"line":279,"column":42},"end":{"line":279,"column":74}},"115":{"start":{"line":280,"column":2},"end":{"line":280,"column":47}},"116":{"start":{"line":281,"column":2},"end":{"line":281,"column":42}},"117":{"start":{"line":282,"column":2},"end":{"line":282,"column":31}},"118":{"start":{"line":284,"column":2},"end":{"line":284,"column":22}},"119":{"start":{"line":295,"column":2},"end":{"line":295,"column":60}},"120":{"start":{"line":297,"column":34},"end":{"line":297,"column":67}},"121":{"start":{"line":300,"column":2},"end":{"line":308,"column":null}},"122":{"start":{"line":301,"column":4},"end":{"line":301,"column":67}},"123":{"start":{"line":302,"column":4},"end":{"line":302,"column":41}},"124":{"start":{"line":303,"column":4},"end":{"line":303,"column":47}},"125":{"start":{"line":305,"column":4},"end":{"line":305,"column":58}},"126":{"start":{"line":306,"column":4},"end":{"line":306,"column":73}},"127":{"start":{"line":307,"column":4},"end":{"line":307,"column":73}},"128":{"start":{"line":310,"column":2},"end":{"line":314,"column":null}},"129":{"start":{"line":312,"column":4},"end":{"line":312,"column":55}},"130":{"start":{"line":313,"column":4},"end":{"line":313,"column":21}},"131":{"start":{"line":316,"column":2},"end":{"line":321,"column":4}},"132":{"start":{"line":322,"column":2},"end":{"line":322,"column":18}},"133":{"start":{"line":330,"column":2},"end":{"line":330,"column":57}},"134":{"start":{"line":332,"column":2},"end":{"line":332,"column":73}},"135":{"start":{"line":336,"column":13},"end":{"line":340,"column":2}}},"fnMap":{"0":{"name":"(anonymous_8)","decl":{"start":{"line":28,"column":27},"end":{"line":28,"column":null}},"loc":{"start":{"line":32,"column":4},"end":{"line":203,"column":2}}},"1":{"name":"(anonymous_9)","decl":{"start":{"line":32,"column":4},"end":{"line":32,"column":null}},"loc":{"start":{"line":32,"column":4},"end":{"line":203,"column":1}}},"2":{"name":"getVersionFromURL","decl":{"start":{"line":205,"column":15},"end":{"line":205,"column":32}},"loc":{"start":{"line":205,"column":58},"end":{"line":268,"column":null}}},"3":{"name":"buildHistoryEntry","decl":{"start":{"line":270,"column":9},"end":{"line":270,"column":26}},"loc":{"start":{"line":272,"column":51},"end":{"line":285,"column":1}}},"4":{"name":"getMetadata","decl":{"start":{"line":287,"column":15},"end":{"line":287,"column":26}},"loc":{"start":{"line":289,"column":22},"end":{"line":323,"column":null}}},"5":{"name":"isNameInDb","decl":{"start":{"line":325,"column":15},"end":{"line":325,"column":25}},"loc":{"start":{"line":325,"column":38},"end":{"line":333,"column":null}}}},"branchMap":{"0":{"loc":{"start":{"line":46,"column":10},"end":{"line":46,"column":19}},"type":"cond-expr","locations":[{"start":{"line":46,"column":13},"end":{"line":46,"column":15}},{"start":{"line":46,"column":10},"end":{"line":46,"column":19}}]},"1":{"loc":{"start":{"line":46,"column":10},"end":{"line":46,"column":15}},"type":"binary-expr","locations":[{"start":{"line":46,"column":10},"end":{"line":46,"column":15}},{"start":{"line":46,"column":10},"end":{"line":46,"column":15}}]},"2":{"loc":{"start":{"line":49,"column":2},"end":{"line":55,"column":null}},"type":"if","locations":[{"start":{"line":49,"column":2},"end":{"line":55,"column":null}},{"start":{"line":52,"column":9},"end":{"line":55,"column":null}}]},"3":{"loc":{"start":{"line":49,"column":6},"end":{"line":49,"column":62}},"type":"binary-expr","locations":[{"start":{"line":49,"column":6},"end":{"line":49,"column":34}},{"start":{"line":49,"column":38},"end":{"line":49,"column":62}}]},"4":{"loc":{"start":{"line":52,"column":9},"end":{"line":55,"column":null}},"type":"if","locations":[{"start":{"line":52,"column":9},"end":{"line":55,"column":null}}]},"5":{"loc":{"start":{"line":52,"column":13},"end":{"line":52,"column":71}},"type":"binary-expr","locations":[{"start":{"line":52,"column":13},"end":{"line":52,"column":42}},{"start":{"line":52,"column":46},"end":{"line":52,"column":71}}]},"6":{"loc":{"start":{"line":57,"column":17},"end":{"line":57,"column":56}},"type":"cond-expr","locations":[{"start":{"line":57,"column":44},"end":{"line":57,"column":48}},{"start":{"line":57,"column":51},"end":{"line":57,"column":56}}]},"7":{"loc":{"start":{"line":67,"column":2},"end":{"line":73,"column":null}},"type":"if","locations":[{"start":{"line":67,"column":2},"end":{"line":73,"column":null}}]},"8":{"loc":{"start":{"line":76,"column":2},"end":{"line":99,"column":null}},"type":"if","locations":[{"start":{"line":76,"column":2},"end":{"line":99,"column":null}}]},"9":{"loc":{"start":{"line":83,"column":6},"end":{"line":87,"column":null}},"type":"if","locations":[{"start":{"line":83,"column":6},"end":{"line":87,"column":null}}]},"10":{"loc":{"start":{"line":101,"column":15},"end":{"line":105,"column":30}},"type":"cond-expr","locations":[{"start":{"line":104,"column":6},"end":{"line":104,"column":47}},{"start":{"line":105,"column":6},"end":{"line":105,"column":30}}]},"11":{"loc":{"start":{"line":108,"column":2},"end":{"line":112,"column":null}},"type":"if","locations":[{"start":{"line":108,"column":2},"end":{"line":112,"column":null}}]},"12":{"loc":{"start":{"line":114,"column":2},"end":{"line":118,"column":null}},"type":"if","locations":[{"start":{"line":114,"column":2},"end":{"line":118,"column":null}}]},"13":{"loc":{"start":{"line":120,"column":2},"end":{"line":123,"column":null}},"type":"if","locations":[{"start":{"line":120,"column":2},"end":{"line":123,"column":null}}]},"14":{"loc":{"start":{"line":126,"column":2},"end":{"line":144,"column":null}},"type":"if","locations":[{"start":{"line":126,"column":2},"end":{"line":144,"column":null}}]},"15":{"loc":{"start":{"line":132,"column":4},"end":{"line":138,"column":null}},"type":"if","locations":[{"start":{"line":132,"column":4},"end":{"line":138,"column":null}}]},"16":{"loc":{"start":{"line":154,"column":2},"end":{"line":168,"column":null}},"type":"if","locations":[{"start":{"line":154,"column":2},"end":{"line":168,"column":null}},{"start":{"line":166,"column":9},"end":{"line":168,"column":null}}]},"17":{"loc":{"start":{"line":161,"column":4},"end":{"line":165,"column":null}},"type":"if","locations":[{"start":{"line":161,"column":4},"end":{"line":165,"column":null}}]},"18":{"loc":{"start":{"line":172,"column":2},"end":{"line":174,"column":null}},"type":"if","locations":[{"start":{"line":172,"column":2},"end":{"line":174,"column":null}}]},"19":{"loc":{"start":{"line":237,"column":2},"end":{"line":240,"column":null}},"type":"if","locations":[{"start":{"line":237,"column":2},"end":{"line":240,"column":null}}]},"20":{"loc":{"start":{"line":250,"column":4},"end":{"line":263,"column":null}},"type":"if","locations":[{"start":{"line":250,"column":4},"end":{"line":263,"column":null}},{"start":{"line":258,"column":11},"end":{"line":263,"column":null}}]},"21":{"loc":{"start":{"line":300,"column":2},"end":{"line":308,"column":null}},"type":"if","locations":[{"start":{"line":300,"column":2},"end":{"line":308,"column":null}},{"start":{"line":304,"column":9},"end":{"line":308,"column":null}}]},"22":{"loc":{"start":{"line":300,"column":6},"end":{"line":300,"column":69}},"type":"binary-expr","locations":[{"start":{"line":300,"column":6},"end":{"line":300,"column":18}},{"start":{"line":300,"column":22},"end":{"line":300,"column":42}},{"start":{"line":300,"column":46},"end":{"line":300,"column":69}}]},"23":{"loc":{"start":{"line":306,"column":20},"end":{"line":306,"column":72}},"type":"binary-expr","locations":[{"start":{"line":306,"column":20},"end":{"line":306,"column":66}},{"start":{"line":306,"column":70},"end":{"line":306,"column":72}}]},"24":{"loc":{"start":{"line":306,"column":20},"end":{"line":306,"column":66}},"type":"cond-expr","locations":[{"start":{"line":306,"column":56},"end":{"line":306,"column":58}},{"start":{"line":306,"column":56},"end":{"line":306,"column":66}}]},"25":{"loc":{"start":{"line":306,"column":20},"end":{"line":306,"column":58}},"type":"binary-expr","locations":[{"start":{"line":306,"column":20},"end":{"line":306,"column":58}},{"start":{"line":306,"column":56},"end":{"line":306,"column":58}}]},"26":{"loc":{"start":{"line":306,"column":45},"end":{"line":306,"column":54}},"type":"binary-expr","locations":[{"start":{"line":306,"column":45},"end":{"line":306,"column":48}},{"start":{"line":306,"column":52},"end":{"line":306,"column":54}}]},"27":{"loc":{"start":{"line":307,"column":47},"end":{"line":307,"column":56}},"type":"binary-expr","locations":[{"start":{"line":307,"column":47},"end":{"line":307,"column":50}},{"start":{"line":307,"column":54},"end":{"line":307,"column":56}}]},"28":{"loc":{"start":{"line":310,"column":2},"end":{"line":314,"column":null}},"type":"if","locations":[{"start":{"line":310,"column":2},"end":{"line":314,"column":null}}]},"29":{"loc":{"start":{"line":310,"column":6},"end":{"line":310,"column":41}},"type":"binary-expr","locations":[{"start":{"line":310,"column":6},"end":{"line":310,"column":20}},{"start":{"line":310,"column":24},"end":{"line":310,"column":41}}]},"30":{"loc":{"start":{"line":332,"column":9},"end":{"line":332,"column":72}},"type":"cond-expr","locations":[{"start":{"line":332,"column":67},"end":{"line":332,"column":68}},{"start":{"line":332,"column":71},"end":{"line":332,"column":72}}]}},"s":{"0":2,"1":2,"2":2,"3":2,"4":2,"5":2,"6":2,"7":2,"8":2,"9":2,"10":2,"11":2,"12":2,"13":2,"14":0,"15":0,"16":0,"17":0,"18":0,"19":0,"20":0,"21":0,"22":0,"23":0,"24":0,"25":0,"26":0,"27":0,"28":0,"29":0,"30":0,"31":0,"32":0,"33":0,"34":0,"35":0,"36":0,"37":0,"38":0,"39":0,"40":0,"41":0,"42":0,"43":0,"44":0,"45":0,"46":0,"47":0,"48":0,"49":0,"50":0,"51":0,"52":0,"53":0,"54":0,"55":0,"56":0,"57":0,"58":0,"59":0,"60":0,"61":0,"62":0,"63":0,"64":0,"65":0,"66":0,"67":0,"68":0,"69":0,"70":0,"71":0,"72":0,"73":0,"74":0,"75":0,"76":0,"77":0,"78":0,"79":0,"80":0,"81":0,"82":0,"83":0,"84":0,"85":0,"86":0,"87":0,"88":0,"89":0,"90":0,"91":0,"92":0,"93":0,"94":0,"95":0,"96":0,"97":2,"98":5,"99":5,"100":3,"101":3,"102":2,"103":2,"104":2,"105":2,"106":1,"107":1,"108":1,"109":1,"110":0,"111":0,"112":1,"113":1,"114":0,"115":0,"116":0,"117":0,"118":0,"119":3,"120":3,"121":3,"122":1,"123":1,"124":1,"125":2,"126":2,"127":2,"128":3,"129":1,"130":1,"131":2,"132":2,"133":0,"134":0,"135":2},"f":{"0":0,"1":0,"2":5,"3":0,"4":3,"5":0},"b":{"0":[0,0],"1":[0,0],"2":[0,0],"3":[0,0],"4":[0],"5":[0,0],"6":[0,0],"7":[0],"8":[0],"9":[0],"10":[0,0],"11":[0],"12":[0],"13":[0],"14":[0],"15":[0],"16":[0,0],"17":[0],"18":[0],"19":[3],"20":[1,0],"21":[1,2],"22":[3,3,1],"23":[2,1],"24":[1,1],"25":[2,1],"26":[2,1],"27":[2,1],"28":[1],"29":[3,2],"30":[0,0]}}
,"/Users/koltanhauersperger/Documents/461/ece-461-project-part2/src/middleware/authorizeUser.ts": {"path":"/Users/koltanhauersperger/Documents/461/ece-461-project-part2/src/middleware/authorizeUser.ts","statementMap":{"0":{"start":{"line":1,"column":16},"end":{"line":1,"column":34}},"1":{"start":{"line":4,"column":0},"end":{"line":4,"column":36}},"2":{"start":{"line":7,"column":12},"end":{"line":7,"column":35}},"3":{"start":{"line":8,"column":0},"end":{"line":8,"column":45}},"4":{"start":{"line":9,"column":0},"end":{"line":9,"column":44}},"5":{"start":{"line":10,"column":29},"end":{"line":166,"column":2}},"6":{"start":{"line":14,"column":4},"end":{"line":166,"column":2}},"7":{"start":{"line":28,"column":2},"end":{"line":28,"column":48}},"8":{"start":{"line":29,"column":22},"end":{"line":29,"column":23}},"9":{"start":{"line":30,"column":2},"end":{"line":30,"column":52}},"10":{"start":{"line":31,"column":21},"end":{"line":31,"column":56}},"11":{"start":{"line":32,"column":2},"end":{"line":32,"column":54}},"12":{"start":{"line":33,"column":2},"end":{"line":33,"column":37}},"13":{"start":{"line":34,"column":2},"end":{"line":34,"column":37}},"14":{"start":{"line":35,"column":2},"end":{"line":35,"column":26}},"15":{"start":{"line":36,"column":2},"end":{"line":163,"column":null}},"16":{"start":{"line":37,"column":4},"end":{"line":159,"column":null}},"17":{"start":{"line":38,"column":6},"end":{"line":89,"column":null}},"18":{"start":{"line":39,"column":24},"end":{"line":39,"column":60}},"19":{"start":{"line":40,"column":22},"end":{"line":40,"column":41}},"20":{"start":{"line":41,"column":8},"end":{"line":46,"column":11}},"21":{"start":{"line":47,"column":21},"end":{"line":47,"column":42}},"22":{"start":{"line":48,"column":8},"end":{"line":81,"column":null}},"23":{"start":{"line":49,"column":10},"end":{"line":80,"column":null}},"24":{"start":{"line":50,"column":12},"end":{"line":79,"column":null}},"25":{"start":{"line":51,"column":14},"end":{"line":56,"column":null}},"26":{"start":{"line":52,"column":16},"end":{"line":52,"column":42}},"27":{"start":{"line":53,"column":16},"end":{"line":53,"column":26}},"28":{"start":{"line":55,"column":16},"end":{"line":55,"column":43}},"29":{"start":{"line":57,"column":14},"end":{"line":62,"column":null}},"30":{"start":{"line":58,"column":16},"end":{"line":58,"column":41}},"31":{"start":{"line":59,"column":16},"end":{"line":59,"column":26}},"32":{"start":{"line":61,"column":16},"end":{"line":61,"column":42}},"33":{"start":{"line":63,"column":14},"end":{"line":68,"column":null}},"34":{"start":{"line":64,"column":16},"end":{"line":64,"column":41}},"35":{"start":{"line":65,"column":16},"end":{"line":65,"column":26}},"36":{"start":{"line":67,"column":16},"end":{"line":67,"column":42}},"37":{"start":{"line":69,"column":14},"end":{"line":74,"column":null}},"38":{"start":{"line":70,"column":16},"end":{"line":70,"column":43}},"39":{"start":{"line":71,"column":16},"end":{"line":71,"column":26}},"40":{"start":{"line":73,"column":16},"end":{"line":73,"column":44}},"41":{"start":{"line":75,"column":14},"end":{"line":75,"column":37}},"42":{"start":{"line":76,"column":14},"end":{"line":76,"column":56}},"43":{"start":{"line":77,"column":14},"end":{"line":77,"column":42}},"44":{"start":{"line":78,"column":14},"end":{"line":78,"column":21}},"45":{"start":{"line":82,"column":8},"end":{"line":85,"column":null}},"46":{"start":{"line":83,"column":10},"end":{"line":83,"column":38}},"47":{"start":{"line":84,"column":10},"end":{"line":84,"column":55}},"48":{"start":{"line":87,"column":8},"end":{"line":87,"column":55}},"49":{"start":{"line":88,"column":8},"end":{"line":88,"column":53}},"50":{"start":{"line":90,"column":11},"end":{"line":159,"column":null}},"51":{"start":{"line":91,"column":20},"end":{"line":91,"column":39}},"52":{"start":{"line":92,"column":6},"end":{"line":97,"column":9}},"53":{"start":{"line":98,"column":19},"end":{"line":98,"column":40}},"54":{"start":{"line":99,"column":6},"end":{"line":135,"column":null}},"55":{"start":{"line":100,"column":8},"end":{"line":134,"column":null}},"56":{"start":{"line":104,"column":10},"end":{"line":104,"column":20}},"57":{"start":{"line":105,"column":10},"end":{"line":110,"column":null}},"58":{"start":{"line":106,"column":12},"end":{"line":106,"column":38}},"59":{"start":{"line":107,"column":12},"end":{"line":107,"column":22}},"60":{"start":{"line":109,"column":12},"end":{"line":109,"column":39}},"61":{"start":{"line":111,"column":10},"end":{"line":116,"column":null}},"62":{"start":{"line":112,"column":12},"end":{"line":112,"column":37}},"63":{"start":{"line":113,"column":12},"end":{"line":113,"column":22}},"64":{"start":{"line":115,"column":12},"end":{"line":115,"column":38}},"65":{"start":{"line":117,"column":10},"end":{"line":122,"column":null}},"66":{"start":{"line":118,"column":12},"end":{"line":118,"column":37}},"67":{"start":{"line":119,"column":12},"end":{"line":119,"column":22}},"68":{"start":{"line":121,"column":12},"end":{"line":121,"column":38}},"69":{"start":{"line":123,"column":10},"end":{"line":128,"column":null}},"70":{"start":{"line":124,"column":12},"end":{"line":124,"column":39}},"71":{"start":{"line":125,"column":12},"end":{"line":125,"column":22}},"72":{"start":{"line":127,"column":12},"end":{"line":127,"column":40}},"73":{"start":{"line":129,"column":10},"end":{"line":129,"column":33}},"74":{"start":{"line":130,"column":10},"end":{"line":130,"column":20}},"75":{"start":{"line":131,"column":10},"end":{"line":131,"column":51}},"76":{"start":{"line":132,"column":10},"end":{"line":132,"column":53}},"77":{"start":{"line":133,"column":10},"end":{"line":133,"column":17}},"78":{"start":{"line":136,"column":6},"end":{"line":149,"column":null}},"79":{"start":{"line":137,"column":8},"end":{"line":137,"column":70}},"80":{"start":{"line":138,"column":8},"end":{"line":142,"column":null}},"81":{"start":{"line":139,"column":10},"end":{"line":141,"column":12}},"82":{"start":{"line":143,"column":8},"end":{"line":147,"column":null}},"83":{"start":{"line":144,"column":10},"end":{"line":146,"column":12}},"84":{"start":{"line":148,"column":8},"end":{"line":148,"column":70}},"85":{"start":{"line":151,"column":6},"end":{"line":153,"column":8}},"86":{"start":{"line":154,"column":6},"end":{"line":158,"column":10}},"87":{"start":{"line":161,"column":4},"end":{"line":161,"column":51}},"88":{"start":{"line":162,"column":4},"end":{"line":162,"column":49}},"89":{"start":{"line":10,"column":13},"end":{"line":10,"column":29}}},"fnMap":{"0":{"name":"(anonymous_7)","decl":{"start":{"line":10,"column":29},"end":{"line":10,"column":null}},"loc":{"start":{"line":14,"column":4},"end":{"line":166,"column":2}}},"1":{"name":"(anonymous_8)","decl":{"start":{"line":14,"column":4},"end":{"line":14,"column":null}},"loc":{"start":{"line":14,"column":4},"end":{"line":166,"column":1}}}},"branchMap":{"0":{"loc":{"start":{"line":31,"column":21},"end":{"line":31,"column":56}},"type":"binary-expr","locations":[{"start":{"line":31,"column":21},"end":{"line":31,"column":50}},{"start":{"line":31,"column":54},"end":{"line":31,"column":56}}]},"1":{"loc":{"start":{"line":37,"column":4},"end":{"line":159,"column":null}},"type":"if","locations":[{"start":{"line":37,"column":4},"end":{"line":159,"column":null}},{"start":{"line":90,"column":11},"end":{"line":159,"column":null}}]},"2":{"loc":{"start":{"line":48,"column":8},"end":{"line":81,"column":null}},"type":"if","locations":[{"start":{"line":48,"column":8},"end":{"line":81,"column":null}}]},"3":{"loc":{"start":{"line":49,"column":10},"end":{"line":80,"column":null}},"type":"if","locations":[{"start":{"line":49,"column":10},"end":{"line":80,"column":null}}]},"4":{"loc":{"start":{"line":50,"column":12},"end":{"line":79,"column":null}},"type":"if","locations":[{"start":{"line":50,"column":12},"end":{"line":79,"column":null}}]},"5":{"loc":{"start":{"line":51,"column":14},"end":{"line":56,"column":null}},"type":"if","locations":[{"start":{"line":51,"column":14},"end":{"line":56,"column":null}},{"start":{"line":54,"column":21},"end":{"line":56,"column":null}}]},"6":{"loc":{"start":{"line":57,"column":14},"end":{"line":62,"column":null}},"type":"if","locations":[{"start":{"line":57,"column":14},"end":{"line":62,"column":null}},{"start":{"line":60,"column":21},"end":{"line":62,"column":null}}]},"7":{"loc":{"start":{"line":63,"column":14},"end":{"line":68,"column":null}},"type":"if","locations":[{"start":{"line":63,"column":14},"end":{"line":68,"column":null}},{"start":{"line":66,"column":21},"end":{"line":68,"column":null}}]},"8":{"loc":{"start":{"line":69,"column":14},"end":{"line":74,"column":null}},"type":"if","locations":[{"start":{"line":69,"column":14},"end":{"line":74,"column":null}},{"start":{"line":72,"column":21},"end":{"line":74,"column":null}}]},"9":{"loc":{"start":{"line":82,"column":8},"end":{"line":85,"column":null}},"type":"if","locations":[{"start":{"line":82,"column":8},"end":{"line":85,"column":null}}]},"10":{"loc":{"start":{"line":90,"column":11},"end":{"line":159,"column":null}},"type":"if","locations":[{"start":{"line":90,"column":11},"end":{"line":159,"column":null}},{"start":{"line":150,"column":11},"end":{"line":159,"column":null}}]},"11":{"loc":{"start":{"line":90,"column":15},"end":{"line":90,"column":47}},"type":"binary-expr","locations":[{"start":{"line":90,"column":15},"end":{"line":90,"column":28}},{"start":{"line":90,"column":32},"end":{"line":90,"column":47}}]},"12":{"loc":{"start":{"line":99,"column":6},"end":{"line":135,"column":null}},"type":"if","locations":[{"start":{"line":99,"column":6},"end":{"line":135,"column":null}}]},"13":{"loc":{"start":{"line":100,"column":8},"end":{"line":134,"column":null}},"type":"if","locations":[{"start":{"line":100,"column":8},"end":{"line":134,"column":null}}]},"14":{"loc":{"start":{"line":101,"column":10},"end":{"line":102,"column":72}},"type":"binary-expr","locations":[{"start":{"line":101,"column":10},"end":{"line":101,"column":46}},{"start":{"line":102,"column":10},"end":{"line":102,"column":72}}]},"15":{"loc":{"start":{"line":105,"column":10},"end":{"line":110,"column":null}},"type":"if","locations":[{"start":{"line":105,"column":10},"end":{"line":110,"column":null}},{"start":{"line":108,"column":17},"end":{"line":110,"column":null}}]},"16":{"loc":{"start":{"line":111,"column":10},"end":{"line":116,"column":null}},"type":"if","locations":[{"start":{"line":111,"column":10},"end":{"line":116,"column":null}},{"start":{"line":114,"column":17},"end":{"line":116,"column":null}}]},"17":{"loc":{"start":{"line":117,"column":10},"end":{"line":122,"column":null}},"type":"if","locations":[{"start":{"line":117,"column":10},"end":{"line":122,"column":null}},{"start":{"line":120,"column":17},"end":{"line":122,"column":null}}]},"18":{"loc":{"start":{"line":123,"column":10},"end":{"line":128,"column":null}},"type":"if","locations":[{"start":{"line":123,"column":10},"end":{"line":128,"column":null}},{"start":{"line":126,"column":17},"end":{"line":128,"column":null}}]},"19":{"loc":{"start":{"line":136,"column":6},"end":{"line":149,"column":null}},"type":"if","locations":[{"start":{"line":136,"column":6},"end":{"line":149,"column":null}}]},"20":{"loc":{"start":{"line":138,"column":8},"end":{"line":142,"column":null}},"type":"if","locations":[{"start":{"line":138,"column":8},"end":{"line":142,"column":null}}]},"21":{"loc":{"start":{"line":138,"column":34},"end":{"line":138,"column":49}},"type":"cond-expr","locations":[{"start":{"line":138,"column":38},"end":{"line":138,"column":40}},{"start":{"line":138,"column":34},"end":{"line":138,"column":49}}]},"22":{"loc":{"start":{"line":138,"column":34},"end":{"line":138,"column":40}},"type":"binary-expr","locations":[{"start":{"line":138,"column":34},"end":{"line":138,"column":40}},{"start":{"line":138,"column":34},"end":{"line":138,"column":40}}]},"23":{"loc":{"start":{"line":140,"column":74},"end":{"line":140,"column":89}},"type":"cond-expr","locations":[{"start":{"line":140,"column":78},"end":{"line":140,"column":80}},{"start":{"line":140,"column":74},"end":{"line":140,"column":89}}]},"24":{"loc":{"start":{"line":140,"column":74},"end":{"line":140,"column":80}},"type":"binary-expr","locations":[{"start":{"line":140,"column":74},"end":{"line":140,"column":80}},{"start":{"line":140,"column":74},"end":{"line":140,"column":80}}]},"25":{"loc":{"start":{"line":143,"column":8},"end":{"line":147,"column":null}},"type":"if","locations":[{"start":{"line":143,"column":8},"end":{"line":147,"column":null}}]},"26":{"loc":{"start":{"line":143,"column":40},"end":{"line":143,"column":61}},"type":"cond-expr","locations":[{"start":{"line":143,"column":44},"end":{"line":143,"column":46}},{"start":{"line":143,"column":40},"end":{"line":143,"column":61}}]},"27":{"loc":{"start":{"line":143,"column":40},"end":{"line":143,"column":46}},"type":"binary-expr","locations":[{"start":{"line":143,"column":40},"end":{"line":143,"column":46}},{"start":{"line":143,"column":40},"end":{"line":143,"column":46}}]},"28":{"loc":{"start":{"line":145,"column":79},"end":{"line":145,"column":100}},"type":"cond-expr","locations":[{"start":{"line":145,"column":83},"end":{"line":145,"column":85}},{"start":{"line":145,"column":79},"end":{"line":145,"column":100}}]},"29":{"loc":{"start":{"line":145,"column":79},"end":{"line":145,"column":85}},"type":"binary-expr","locations":[{"start":{"line":145,"column":79},"end":{"line":145,"column":85}},{"start":{"line":145,"column":79},"end":{"line":145,"column":85}}]}},"s":{"0":2,"1":2,"2":2,"3":2,"4":2,"5":2,"6":0,"7":0,"8":0,"9":0,"10":0,"11":0,"12":0,"13":0,"14":0,"15":0,"16":0,"17":0,"18":0,"19":0,"20":0,"21":0,"22":0,"23":0,"24":0,"25":0,"26":0,"27":0,"28":0,"29":0,"30":0,"31":0,"32":0,"33":0,"34":0,"35":0,"36":0,"37":0,"38":0,"39":0,"40":0,"41":0,"42":0,"43":0,"44":0,"45":0,"46":0,"47":0,"48":0,"49":0,"50":0,"51":0,"52":0,"53":0,"54":0,"55":0,"56":0,"57":0,"58":0,"59":0,"60":0,"61":0,"62":0,"63":0,"64":0,"65":0,"66":0,"67":0,"68":0,"69":0,"70":0,"71":0,"72":0,"73":0,"74":0,"75":0,"76":0,"77":0,"78":0,"79":0,"80":0,"81":0,"82":0,"83":0,"84":0,"85":0,"86":0,"87":0,"88":0,"89":2},"f":{"0":0,"1":0},"b":{"0":[0,0],"1":[0,0],"2":[0],"3":[0],"4":[0],"5":[0,0],"6":[0,0],"7":[0,0],"8":[0,0],"9":[0],"10":[0,0],"11":[0,0],"12":[0],"13":[0],"14":[0,0],"15":[0,0],"16":[0,0],"17":[0,0],"18":[0,0],"19":[0],"20":[0],"21":[0,0],"22":[0,0],"23":[0,0],"24":[0,0],"25":[0],"26":[0,0],"27":[0,0],"28":[0,0],"29":[0,0]}}
,"/Users/koltanhauersperger/Documents/461/ece-461-project-part2/src/middleware/hashfunc.ts": {"path":"/Users/koltanhauersperger/Documents/461/ece-461-project-part2/src/middleware/hashfunc.ts","statementMap":{"0":{"start":{"line":1,"column":0},"end":{"line":1,"column":36}},"1":{"start":{"line":4,"column":15},"end":{"line":4,"column":28}},"2":{"start":{"line":5,"column":15},"end":{"line":5,"column":35}},"3":{"start":{"line":6,"column":2},"end":{"line":6,"column":31}},"4":{"start":{"line":7,"column":2},"end":{"line":7,"column":28}},"5":{"start":{"line":3,"column":0},"end":{"line":3,"column":16}},"6":{"start":{"line":14,"column":15},"end":{"line":14,"column":37}},"7":{"start":{"line":15,"column":2},"end":{"line":15,"column":33}},"8":{"start":{"line":10,"column":0},"end":{"line":10,"column":16}}},"fnMap":{"0":{"name":"hashPassword","decl":{"start":{"line":3,"column":16},"end":{"line":3,"column":28}},"loc":{"start":{"line":3,"column":45},"end":{"line":8,"column":1}}},"1":{"name":"verifyPassword","decl":{"start":{"line":10,"column":16},"end":{"line":10,"column":30}},"loc":{"start":{"line":12,"column":24},"end":{"line":16,"column":1}}}},"branchMap":{},"s":{"0":2,"1":0,"2":0,"3":0,"4":0,"5":2,"6":0,"7":0,"8":2},"f":{"0":0,"1":0},"b":{}}
,"/Users/koltanhauersperger/Documents/461/ece-461-project-part2/src/middleware/validate.ts": {"path":"/Users/koltanhauersperger/Documents/461/ece-461-project-part2/src/middleware/validate.ts","statementMap":{"0":{"start":{"line":3,"column":0},"end":{"line":3,"column":36}},"1":{"start":{"line":5,"column":24},"end":{"line":16,"column":1}},"2":{"start":{"line":6,"column":2},"end":{"line":15,"column":4}},"3":{"start":{"line":6,"column":67},"end":{"line":15,"column":4}},"4":{"start":{"line":7,"column":4},"end":{"line":7,"column":null}},"5":{"start":{"line":8,"column":29},"end":{"line":8,"column":55}},"6":{"start":{"line":9,"column":4},"end":{"line":14,"column":null}},"7":{"start":{"line":10,"column":6},"end":{"line":10,"column":null}},"8":{"start":{"line":11,"column":6},"end":{"line":11,"column":58}},"9":{"start":{"line":13,"column":6},"end":{"line":13,"column":13}},"10":{"start":{"line":5,"column":13},"end":{"line":5,"column":24}}},"fnMap":{"0":{"name":"(anonymous_7)","decl":{"start":{"line":5,"column":24},"end":{"line":5,"column":25}},"loc":{"start":{"line":5,"column":49},"end":{"line":16,"column":1}}},"1":{"name":"(anonymous_8)","decl":{"start":{"line":6,"column":9},"end":{"line":6,"column":16}},"loc":{"start":{"line":6,"column":67},"end":{"line":15,"column":4}}},"2":{"name":"(anonymous_9)","decl":{"start":{"line":6,"column":67},"end":{"line":6,"column":null}},"loc":{"start":{"line":6,"column":67},"end":{"line":15,"column":3}}}},"branchMap":{"0":{"loc":{"start":{"line":8,"column":45},"end":{"line":8,"column":54}},"type":"cond-expr","locations":[{"start":{"line":8,"column":48},"end":{"line":8,"column":50}},{"start":{"line":8,"column":45},"end":{"line":8,"column":54}}]},"1":{"loc":{"start":{"line":8,"column":45},"end":{"line":8,"column":50}},"type":"binary-expr","locations":[{"start":{"line":8,"column":45},"end":{"line":8,"column":50}},{"start":{"line":8,"column":45},"end":{"line":8,"column":50}}]},"2":{"loc":{"start":{"line":9,"column":4},"end":{"line":14,"column":null}},"type":"if","locations":[{"start":{"line":9,"column":4},"end":{"line":14,"column":null}},{"start":{"line":12,"column":11},"end":{"line":14,"column":null}}]}},"s":{"0":1,"1":1,"2":1,"3":0,"4":0,"5":0,"6":0,"7":0,"8":0,"9":0,"10":1},"f":{"0":1,"1":0,"2":0},"b":{"0":[0,0],"1":[0,0],"2":[0,0]}}
,"/Users/koltanhauersperger/Documents/461/ece-461-project-part2/src/model/package.ts": {"path":"/Users/koltanhauersperger/Documents/461/ece-461-project-part2/src/model/package.ts","statementMap":{"0":{"start":{"line":12,"column":0},"end":{"line":12,"column":75}},"1":{"start":{"line":13,"column":0},"end":{"line":13,"column":63}},"2":{"start":{"line":14,"column":0},"end":{"line":14,"column":32}},"3":{"start":{"line":15,"column":0},"end":{"line":15,"column":40}},"4":{"start":{"line":22,"column":13},"end":{"line":26,"column":5}},"5":{"start":{"line":28,"column":0},"end":{"line":28,"column":45}},"6":{"start":{"line":30,"column":13},"end":{"line":30,"column":69}}},"fnMap":{},"branchMap":{},"s":{"0":3,"1":3,"2":3,"3":3,"4":3,"5":3,"6":3},"f":{},"b":{}}
,"/Users/koltanhauersperger/Documents/461/ece-461-project-part2/src/model/packageData.ts": {"path":"/Users/koltanhauersperger/Documents/461/ece-461-project-part2/src/model/packageData.ts","statementMap":{"0":{"start":{"line":13,"column":0},"end":{"line":13,"column":32}},"1":{"start":{"line":14,"column":0},"end":{"line":14,"column":22}},"2":{"start":{"line":15,"column":0},"end":{"line":15,"column":40}},"3":{"start":{"line":38,"column":13},"end":{"line":44,"column":5}},"4":{"start":{"line":46,"column":0},"end":{"line":46,"column":49}},"5":{"start":{"line":48,"column":13},"end":{"line":51,"column":2}},"6":{"start":{"line":53,"column":13},"end":{"line":58,"column":24}}},"fnMap":{},"branchMap":{},"s":{"0":3,"1":3,"2":3,"3":3,"4":3,"5":3,"6":3},"f":{},"b":{}}
,"/Users/koltanhauersperger/Documents/461/ece-461-project-part2/src/model/packageHistoryEntry.ts": {"path":"/Users/koltanhauersperger/Documents/461/ece-461-project-part2/src/model/packageHistoryEntry.ts","statementMap":{"0":{"start":{"line":12,"column":0},"end":{"line":12,"column":36}},"1":{"start":{"line":13,"column":0},"end":{"line":13,"column":75}},"2":{"start":{"line":14,"column":0},"end":{"line":14,"column":32}},"3":{"start":{"line":32,"column":13},"end":{"line":38,"column":5}},"4":{"start":{"line":40,"column":13},"end":{"line":43,"column":2}}},"fnMap":{},"branchMap":{},"s":{"0":2,"1":2,"2":2,"3":2,"4":2},"f":{},"b":{}}
,"/Users/koltanhauersperger/Documents/461/ece-461-project-part2/src/model/packageMetadata.ts": {"path":"/Users/koltanhauersperger/Documents/461/ece-461-project-part2/src/model/packageMetadata.ts","statementMap":{"0":{"start":{"line":13,"column":0},"end":{"line":13,"column":32}},"1":{"start":{"line":14,"column":0},"end":{"line":14,"column":40}},"2":{"start":{"line":34,"column":13},"end":{"line":38,"column":3}},"3":{"start":{"line":40,"column":0},"end":{"line":40,"column":53}},"4":{"start":{"line":42,"column":13},"end":{"line":45,"column":2}}},"fnMap":{},"branchMap":{},"s":{"0":3,"1":3,"2":3,"3":3,"4":3},"f":{},"b":{}}
,"/Users/koltanhauersperger/Documents/461/ece-461-project-part2/src/model/packageQuery.ts": {"path":"/Users/koltanhauersperger/Documents/461/ece-461-project-part2/src/model/packageQuery.ts","statementMap":{"0":{"start":{"line":13,"column":0},"end":{"line":13,"column":32}},"1":{"start":{"line":14,"column":0},"end":{"line":14,"column":22}},"2":{"start":{"line":30,"column":13},"end":{"line":33,"column":3}},"3":{"start":{"line":35,"column":13},"end":{"line":38,"column":2}},"4":{"start":{"line":40,"column":13},"end":{"line":43,"column":3}}},"fnMap":{},"branchMap":{},"s":{"0":2,"1":2,"2":2,"3":2,"4":2},"f":{},"b":{}}
,"/Users/koltanhauersperger/Documents/461/ece-461-project-part2/src/model/packageRating.ts": {"path":"/Users/koltanhauersperger/Documents/461/ece-461-project-part2/src/model/packageRating.ts","statementMap":{"0":{"start":{"line":13,"column":0},"end":{"line":13,"column":22}},"1":{"start":{"line":14,"column":0},"end":{"line":14,"column":32}},"2":{"start":{"line":49,"column":13},"end":{"line":59,"column":5}},"3":{"start":{"line":61,"column":13},"end":{"line":64,"column":2}},"4":{"start":{"line":66,"column":13},"end":{"line":75,"column":3}},"5":{"start":{"line":77,"column":13},"end":{"line":86,"column":3}}},"fnMap":{},"branchMap":{},"s":{"0":2,"1":2,"2":2,"3":2,"4":2,"5":2},"f":{},"b":{}}
,"/Users/koltanhauersperger/Documents/461/ece-461-project-part2/src/model/transform.ts": {"path":"/Users/koltanhauersperger/Documents/461/ece-461-project-part2/src/model/transform.ts","statementMap":{"0":{"start":{"line":5,"column":2},"end":{"line":5,"column":17}},"1":{"start":{"line":6,"column":2},"end":{"line":6,"column":17}},"2":{"start":{"line":7,"column":2},"end":{"line":7,"column":20}},"3":{"start":{"line":9,"column":2},"end":{"line":9,"column":13}},"4":{"start":{"line":3,"column":0},"end":{"line":3,"column":16}}},"fnMap":{"0":{"name":"transform","decl":{"start":{"line":3,"column":16},"end":{"line":3,"column":25}},"loc":{"start":{"line":3,"column":43},"end":{"line":10,"column":1}}}},"branchMap":{},"s":{"0":0,"1":0,"2":0,"3":0,"4":3},"f":{"0":0},"b":{}}
,"/Users/koltanhauersperger/Documents/461/ece-461-project-part2/src/model/user.ts": {"path":"/Users/koltanhauersperger/Documents/461/ece-461-project-part2/src/model/user.ts","statementMap":{"0":{"start":{"line":13,"column":0},"end":{"line":13,"column":32}},"1":{"start":{"line":14,"column":0},"end":{"line":14,"column":53}},"2":{"start":{"line":35,"column":13},"end":{"line":41,"column":3}},"3":{"start":{"line":43,"column":13},"end":{"line":46,"column":3}},"4":{"start":{"line":48,"column":13},"end":{"line":48,"column":64}}},"fnMap":{},"branchMap":{},"s":{"0":3,"1":3,"2":3,"3":3,"4":3},"f":{},"b":{}}
,"/Users/koltanhauersperger/Documents/461/ece-461-project-part2/src/model/userAuthenticationInfo.ts": {"path":"/Users/koltanhauersperger/Documents/461/ece-461-project-part2/src/model/userAuthenticationInfo.ts","statementMap":{"0":{"start":{"line":13,"column":0},"end":{"line":13,"column":32}},"1":{"start":{"line":25,"column":13},"end":{"line":28,"column":5}},"2":{"start":{"line":30,"column":13},"end":{"line":34,"column":4}},"3":{"start":{"line":35,"column":13},"end":{"line":38,"column":5}}},"fnMap":{},"branchMap":{},"s":{"0":3,"1":3,"2":3,"3":3},"f":{},"b":{}}
,"/Users/koltanhauersperger/Documents/461/ece-461-project-part2/src/route/authenticate.route.ts": {"path":"/Users/koltanhauersperger/Documents/461/ece-461-project-part2/src/route/authenticate.route.ts","statementMap":{"0":{"start":{"line":2,"column":0},"end":{"line":2,"column":60}},"1":{"start":{"line":3,"column":0},"end":{"line":3,"column":36}},"2":{"start":{"line":7,"column":16},"end":{"line":7,"column":34}},"3":{"start":{"line":8,"column":12},"end":{"line":8,"column":35}},"4":{"start":{"line":9,"column":13},"end":{"line":9,"column":51}},"5":{"start":{"line":12,"column":0},"end":{"line":40,"column":3}},"6":{"start":{"line":13,"column":2},"end":{"line":13,"column":35}},"7":{"start":{"line":17,"column":2},"end":{"line":39,"column":null}},"8":{"start":{"line":18,"column":4},"end":{"line":18,"column":24}},"9":{"start":{"line":19,"column":4},"end":{"line":19,"column":58}},"10":{"start":{"line":21,"column":4},"end":{"line":25,"column":6}},"11":{"start":{"line":27,"column":4},"end":{"line":33,"column":null}},"12":{"start":{"line":28,"column":6},"end":{"line":28,"column":47}},"13":{"start":{"line":29,"column":6},"end":{"line":29,"column":44}},"14":{"start":{"line":31,"column":6},"end":{"line":31,"column":43}},"15":{"start":{"line":32,"column":6},"end":{"line":32,"column":52}},"16":{"start":{"line":36,"column":4},"end":{"line":36,"column":47}},"17":{"start":{"line":37,"column":4},"end":{"line":37,"column":54}},"18":{"start":{"line":38,"column":4},"end":{"line":38,"column":50}}},"fnMap":{"0":{"name":"(anonymous_0)","decl":{"start":{"line":12,"column":35},"end":{"line":12,"column":36}},"loc":{"start":{"line":12,"column":67},"end":{"line":40,"column":1}}}},"branchMap":{"0":{"loc":{"start":{"line":27,"column":4},"end":{"line":33,"column":null}},"type":"if","locations":[{"start":{"line":27,"column":4},"end":{"line":33,"column":null}},{"start":{"line":30,"column":11},"end":{"line":33,"column":null}}]}},"s":{"0":1,"1":1,"2":1,"3":1,"4":1,"5":1,"6":0,"7":0,"8":0,"9":0,"10":0,"11":0,"12":0,"13":0,"14":0,"15":0,"16":0,"17":0,"18":0},"f":{"0":0},"b":{"0":[0,0]}}
,"/Users/koltanhauersperger/Documents/461/ece-461-project-part2/src/route/package.route.ts": {"path":"/Users/koltanhauersperger/Documents/461/ece-461-project-part2/src/route/package.route.ts","statementMap":{"0":{"start":{"line":2,"column":0},"end":{"line":2,"column":60}},"1":{"start":{"line":3,"column":0},"end":{"line":3,"column":36}},"2":{"start":{"line":4,"column":0},"end":{"line":4,"column":67}},"3":{"start":{"line":7,"column":0},"end":{"line":7,"column":54}},"4":{"start":{"line":8,"column":0},"end":{"line":8,"column":71}},"5":{"start":{"line":9,"column":0},"end":{"line":9,"column":75}},"6":{"start":{"line":10,"column":0},"end":{"line":10,"column":57}},"7":{"start":{"line":11,"column":0},"end":{"line":11,"column":63}},"8":{"start":{"line":12,"column":0},"end":{"line":12,"column":50}},"9":{"start":{"line":13,"column":0},"end":{"line":13,"column":74}},"10":{"start":{"line":14,"column":0},"end":{"line":14,"column":32}},"11":{"start":{"line":15,"column":0},"end":{"line":15,"column":57}},"12":{"start":{"line":16,"column":0},"end":{"line":16,"column":30}},"13":{"start":{"line":17,"column":0},"end":{"line":17,"column":24}},"14":{"start":{"line":18,"column":11},"end":{"line":18,"column":32}},"15":{"start":{"line":20,"column":13},"end":{"line":20,"column":54}},"16":{"start":{"line":24,"column":0},"end":{"line":29,"column":2}},"17":{"start":{"line":31,"column":0},"end":{"line":40,"column":2}},"18":{"start":{"line":34,"column":40},"end":{"line":39,"column":null}},"19":{"start":{"line":35,"column":4},"end":{"line":37,"column":6}},"20":{"start":{"line":38,"column":4},"end":{"line":38,"column":70}},"21":{"start":{"line":42,"column":0},"end":{"line":51,"column":2}},"22":{"start":{"line":46,"column":4},"end":{"line":48,"column":6}},"23":{"start":{"line":49,"column":4},"end":{"line":49,"column":70}},"24":{"start":{"line":54,"column":0},"end":{"line":112,"column":2}},"25":{"start":{"line":57,"column":40},"end":{"line":111,"column":null}},"26":{"start":{"line":58,"column":4},"end":{"line":58,"column":41}},"27":{"start":{"line":65,"column":4},"end":{"line":110,"column":null}},"28":{"start":{"line":66,"column":6},"end":{"line":66,"column":27}},"29":{"start":{"line":68,"column":6},"end":{"line":71,"column":null}},"30":{"start":{"line":69,"column":8},"end":{"line":69,"column":74}},"31":{"start":{"line":70,"column":8},"end":{"line":70,"column":58}},"32":{"start":{"line":73,"column":6},"end":{"line":73,"column":69}},"33":{"start":{"line":74,"column":6},"end":{"line":77,"column":null}},"34":{"start":{"line":75,"column":8},"end":{"line":75,"column":70}},"35":{"start":{"line":76,"column":8},"end":{"line":76,"column":63}},"36":{"start":{"line":79,"column":6},"end":{"line":79,"column":76}},"37":{"start":{"line":80,"column":6},"end":{"line":85,"column":null}},"38":{"start":{"line":81,"column":8},"end":{"line":83,"column":10}},"39":{"start":{"line":84,"column":8},"end":{"line":84,"column":63}},"40":{"start":{"line":87,"column":6},"end":{"line":87,"column":51}},"41":{"start":{"line":89,"column":6},"end":{"line":96,"column":null}},"42":{"start":{"line":90,"column":8},"end":{"line":90,"column":80}},"43":{"start":{"line":91,"column":8},"end":{"line":95,"column":12}},"44":{"start":{"line":99,"column":6},"end":{"line":99,"column":52}},"45":{"start":{"line":100,"column":6},"end":{"line":100,"column":43}},"46":{"start":{"line":102,"column":6},"end":{"line":102,"column":75}},"47":{"start":{"line":103,"column":6},"end":{"line":103,"column":32}},"48":{"start":{"line":105,"column":6},"end":{"line":105,"column":42}},"49":{"start":{"line":108,"column":6},"end":{"line":108,"column":60}},"50":{"start":{"line":109,"column":6},"end":{"line":109,"column":50}},"51":{"start":{"line":115,"column":0},"end":{"line":157,"column":2}},"52":{"start":{"line":118,"column":40},"end":{"line":156,"column":null}},"53":{"start":{"line":119,"column":4},"end":{"line":119,"column":36}},"54":{"start":{"line":121,"column":21},"end":{"line":121,"column":36}},"55":{"start":{"line":125,"column":4},"end":{"line":128,"column":null}},"56":{"start":{"line":126,"column":6},"end":{"line":126,"column":67}},"57":{"start":{"line":127,"column":6},"end":{"line":127,"column":56}},"58":{"start":{"line":131,"column":18},"end":{"line":133,"column":6}},"59":{"start":{"line":134,"column":4},"end":{"line":134,"column":45}},"60":{"start":{"line":135,"column":4},"end":{"line":138,"column":null}},"61":{"start":{"line":136,"column":6},"end":{"line":136,"column":63}},"62":{"start":{"line":137,"column":6},"end":{"line":137,"column":61}},"63":{"start":{"line":140,"column":4},"end":{"line":140,"column":66}},"64":{"start":{"line":143,"column":4},"end":{"line":155,"column":7}},"65":{"start":{"line":144,"column":6},"end":{"line":147,"column":null}},"66":{"start":{"line":145,"column":8},"end":{"line":145,"column":68}},"67":{"start":{"line":146,"column":8},"end":{"line":146,"column":55}},"68":{"start":{"line":149,"column":6},"end":{"line":149,"column":40}},"69":{"start":{"line":151,"column":6},"end":{"line":151,"column":46}},"70":{"start":{"line":153,"column":6},"end":{"line":153,"column":72}},"71":{"start":{"line":154,"column":6},"end":{"line":154,"column":63}},"72":{"start":{"line":160,"column":0},"end":{"line":247,"column":2}},"73":{"start":{"line":163,"column":40},"end":{"line":246,"column":null}},"74":{"start":{"line":164,"column":4},"end":{"line":164,"column":36}},"75":{"start":{"line":169,"column":4},"end":{"line":245,"column":null}},"76":{"start":{"line":170,"column":6},"end":{"line":170,"column":27}},"77":{"start":{"line":172,"column":6},"end":{"line":175,"column":null}},"78":{"start":{"line":173,"column":8},"end":{"line":173,"column":69}},"79":{"start":{"line":174,"column":8},"end":{"line":174,"column":58}},"80":{"start":{"line":177,"column":6},"end":{"line":177,"column":29}},"81":{"start":{"line":179,"column":6},"end":{"line":179,"column":71}},"82":{"start":{"line":181,"column":20},"end":{"line":181,"column":51}},"83":{"start":{"line":183,"column":6},"end":{"line":240,"column":null}},"84":{"start":{"line":184,"column":33},"end":{"line":184,"column":54}},"85":{"start":{"line":186,"column":8},"end":{"line":190,"column":null}},"86":{"start":{"line":187,"column":10},"end":{"line":187,"column":65}},"87":{"start":{"line":188,"column":10},"end":{"line":188,"column":57}},"88":{"start":{"line":189,"column":10},"end":{"line":189,"column":17}},"89":{"start":{"line":192,"column":8},"end":{"line":204,"column":null}},"90":{"start":{"line":197,"column":10},"end":{"line":197,"column":76}},"91":{"start":{"line":199,"column":10},"end":{"line":203,"column":14}},"92":{"start":{"line":207,"column":8},"end":{"line":221,"column":null}},"93":{"start":{"line":208,"column":33},"end":{"line":208,"column":72}},"94":{"start":{"line":209,"column":33},"end":{"line":213,"column":null}},"95":{"start":{"line":215,"column":10},"end":{"line":215,"column":51}},"96":{"start":{"line":217,"column":10},"end":{"line":220,"column":12}},"97":{"start":{"line":222,"column":8},"end":{"line":224,"column":null}},"98":{"start":{"line":223,"column":10},"end":{"line":223,"column":59}},"99":{"start":{"line":225,"column":8},"end":{"line":227,"column":null}},"100":{"start":{"line":226,"column":10},"end":{"line":226,"column":71}},"101":{"start":{"line":229,"column":8},"end":{"line":229,"column":56}},"102":{"start":{"line":231,"column":8},"end":{"line":231,"column":32}},"103":{"start":{"line":233,"column":8},"end":{"line":233,"column":87}},"104":{"start":{"line":236,"column":8},"end":{"line":236,"column":65}},"105":{"start":{"line":238,"column":8},"end":{"line":238,"column":51}},"106":{"start":{"line":239,"column":8},"end":{"line":239,"column":52}},"107":{"start":{"line":243,"column":6},"end":{"line":243,"column":56}},"108":{"start":{"line":244,"column":6},"end":{"line":244,"column":50}},"109":{"start":{"line":250,"column":0},"end":{"line":284,"column":2}},"110":{"start":{"line":253,"column":40},"end":{"line":283,"column":null}},"111":{"start":{"line":254,"column":4},"end":{"line":254,"column":39}},"112":{"start":{"line":257,"column":21},"end":{"line":257,"column":36}},"113":{"start":{"line":259,"column":4},"end":{"line":259,"column":63}},"114":{"start":{"line":262,"column":4},"end":{"line":265,"column":null}},"115":{"start":{"line":263,"column":6},"end":{"line":263,"column":70}},"116":{"start":{"line":264,"column":6},"end":{"line":264,"column":56}},"117":{"start":{"line":267,"column":18},"end":{"line":269,"column":6}},"118":{"start":{"line":270,"column":4},"end":{"line":270,"column":47}},"119":{"start":{"line":273,"column":4},"end":{"line":276,"column":null}},"120":{"start":{"line":274,"column":6},"end":{"line":274,"column":66}},"121":{"start":{"line":275,"column":6},"end":{"line":275,"column":61}},"122":{"start":{"line":279,"column":4},"end":{"line":279,"column":57}},"123":{"start":{"line":281,"column":4},"end":{"line":281,"column":59}},"124":{"start":{"line":282,"column":4},"end":{"line":282,"column":55}},"125":{"start":{"line":287,"column":0},"end":{"line":363,"column":2}},"126":{"start":{"line":290,"column":40},"end":{"line":362,"column":null}},"127":{"start":{"line":291,"column":4},"end":{"line":291,"column":49}},"128":{"start":{"line":298,"column":4},"end":{"line":361,"column":null}},"129":{"start":{"line":305,"column":6},"end":{"line":305,"column":41}},"130":{"start":{"line":306,"column":19},"end":{"line":306,"column":47}},"131":{"start":{"line":307,"column":6},"end":{"line":310,"column":null}},"132":{"start":{"line":308,"column":8},"end":{"line":308,"column":65}},"133":{"start":{"line":309,"column":8},"end":{"line":309,"column":57}},"134":{"start":{"line":312,"column":6},"end":{"line":312,"column":51}},"135":{"start":{"line":315,"column":20},"end":{"line":315,"column":47}},"136":{"start":{"line":316,"column":23},"end":{"line":318,"column":15}},"137":{"start":{"line":336,"column":6},"end":{"line":336,"column":47}},"138":{"start":{"line":337,"column":6},"end":{"line":337,"column":43}},"139":{"start":{"line":340,"column":6},"end":{"line":345,"column":9}},"140":{"start":{"line":341,"column":8},"end":{"line":344,"column":10}},"141":{"start":{"line":347,"column":6},"end":{"line":347,"column":36}},"142":{"start":{"line":350,"column":6},"end":{"line":356,"column":null}},"143":{"start":{"line":351,"column":8},"end":{"line":351,"column":59}},"144":{"start":{"line":352,"column":8},"end":{"line":352,"column":49}},"145":{"start":{"line":354,"column":8},"end":{"line":354,"column":54}},"146":{"start":{"line":355,"column":8},"end":{"line":355,"column":74}},"147":{"start":{"line":359,"column":6},"end":{"line":359,"column":58}},"148":{"start":{"line":360,"column":6},"end":{"line":360,"column":50}}},"fnMap":{"0":{"name":"(anonymous_8)","decl":{"start":{"line":34,"column":2},"end":{"line":34,"column":9}},"loc":{"start":{"line":34,"column":40},"end":{"line":39,"column":null}}},"1":{"name":"(anonymous_9)","decl":{"start":{"line":34,"column":40},"end":{"line":34,"column":null}},"loc":{"start":{"line":34,"column":40},"end":{"line":39,"column":3}}},"2":{"name":"(anonymous_10)","decl":{"start":{"line":45,"column":2},"end":{"line":45,"column":3}},"loc":{"start":{"line":45,"column":34},"end":{"line":50,"column":3}}},"3":{"name":"(anonymous_11)","decl":{"start":{"line":57,"column":2},"end":{"line":57,"column":9}},"loc":{"start":{"line":57,"column":40},"end":{"line":111,"column":null}}},"4":{"name":"(anonymous_12)","decl":{"start":{"line":57,"column":40},"end":{"line":57,"column":null}},"loc":{"start":{"line":57,"column":40},"end":{"line":111,"column":3}}},"5":{"name":"(anonymous_13)","decl":{"start":{"line":118,"column":2},"end":{"line":118,"column":9}},"loc":{"start":{"line":118,"column":40},"end":{"line":156,"column":null}}},"6":{"name":"(anonymous_14)","decl":{"start":{"line":118,"column":40},"end":{"line":118,"column":null}},"loc":{"start":{"line":118,"column":40},"end":{"line":156,"column":3}}},"7":{"name":"(anonymous_15)","decl":{"start":{"line":143,"column":48},"end":{"line":143,"column":49}},"loc":{"start":{"line":143,"column":67},"end":{"line":155,"column":5}}},"8":{"name":"(anonymous_16)","decl":{"start":{"line":163,"column":2},"end":{"line":163,"column":9}},"loc":{"start":{"line":163,"column":40},"end":{"line":246,"column":null}}},"9":{"name":"(anonymous_17)","decl":{"start":{"line":163,"column":40},"end":{"line":163,"column":null}},"loc":{"start":{"line":163,"column":40},"end":{"line":246,"column":3}}},"10":{"name":"(anonymous_18)","decl":{"start":{"line":253,"column":2},"end":{"line":253,"column":9}},"loc":{"start":{"line":253,"column":40},"end":{"line":283,"column":null}}},"11":{"name":"(anonymous_19)","decl":{"start":{"line":253,"column":40},"end":{"line":253,"column":null}},"loc":{"start":{"line":253,"column":40},"end":{"line":283,"column":3}}},"12":{"name":"(anonymous_20)","decl":{"start":{"line":290,"column":2},"end":{"line":290,"column":9}},"loc":{"start":{"line":290,"column":40},"end":{"line":362,"column":null}}},"13":{"name":"(anonymous_21)","decl":{"start":{"line":290,"column":40},"end":{"line":290,"column":null}},"loc":{"start":{"line":290,"column":40},"end":{"line":362,"column":3}}},"14":{"name":"(anonymous_22)","decl":{"start":{"line":340,"column":33},"end":{"line":340,"column":34}},"loc":{"start":{"line":340,"column":41},"end":{"line":345,"column":7}}}},"branchMap":{"0":{"loc":{"start":{"line":66,"column":11},"end":{"line":66,"column":26}},"type":"cond-expr","locations":[{"start":{"line":66,"column":22},"end":{"line":66,"column":24}},{"start":{"line":66,"column":22},"end":{"line":66,"column":26}}]},"1":{"loc":{"start":{"line":66,"column":11},"end":{"line":66,"column":24}},"type":"binary-expr","locations":[{"start":{"line":66,"column":11},"end":{"line":66,"column":24}},{"start":{"line":66,"column":22},"end":{"line":66,"column":24}}]},"2":{"loc":{"start":{"line":66,"column":11},"end":{"line":66,"column":22}},"type":"cond-expr","locations":[{"start":{"line":66,"column":14},"end":{"line":66,"column":16}},{"start":{"line":66,"column":11},"end":{"line":66,"column":22}}]},"3":{"loc":{"start":{"line":66,"column":11},"end":{"line":66,"column":16}},"type":"binary-expr","locations":[{"start":{"line":66,"column":11},"end":{"line":66,"column":16}},{"start":{"line":66,"column":11},"end":{"line":66,"column":16}}]},"4":{"loc":{"start":{"line":68,"column":6},"end":{"line":71,"column":null}},"type":"if","locations":[{"start":{"line":68,"column":6},"end":{"line":71,"column":null}}]},"5":{"loc":{"start":{"line":74,"column":6},"end":{"line":77,"column":null}},"type":"if","locations":[{"start":{"line":74,"column":6},"end":{"line":77,"column":null}}]},"6":{"loc":{"start":{"line":80,"column":6},"end":{"line":85,"column":null}},"type":"if","locations":[{"start":{"line":80,"column":6},"end":{"line":85,"column":null}}]},"7":{"loc":{"start":{"line":89,"column":6},"end":{"line":96,"column":null}},"type":"if","locations":[{"start":{"line":89,"column":6},"end":{"line":96,"column":null}}]},"8":{"loc":{"start":{"line":121,"column":21},"end":{"line":121,"column":36}},"type":"cond-expr","locations":[{"start":{"line":121,"column":32},"end":{"line":121,"column":34}},{"start":{"line":121,"column":32},"end":{"line":121,"column":36}}]},"9":{"loc":{"start":{"line":121,"column":21},"end":{"line":121,"column":34}},"type":"binary-expr","locations":[{"start":{"line":121,"column":21},"end":{"line":121,"column":34}},{"start":{"line":121,"column":32},"end":{"line":121,"column":34}}]},"10":{"loc":{"start":{"line":121,"column":21},"end":{"line":121,"column":32}},"type":"cond-expr","locations":[{"start":{"line":121,"column":24},"end":{"line":121,"column":26}},{"start":{"line":121,"column":21},"end":{"line":121,"column":32}}]},"11":{"loc":{"start":{"line":121,"column":21},"end":{"line":121,"column":26}},"type":"binary-expr","locations":[{"start":{"line":121,"column":21},"end":{"line":121,"column":26}},{"start":{"line":121,"column":21},"end":{"line":121,"column":26}}]},"12":{"loc":{"start":{"line":125,"column":4},"end":{"line":128,"column":null}},"type":"if","locations":[{"start":{"line":125,"column":4},"end":{"line":128,"column":null}}]},"13":{"loc":{"start":{"line":135,"column":4},"end":{"line":138,"column":null}},"type":"if","locations":[{"start":{"line":135,"column":4},"end":{"line":138,"column":null}}]},"14":{"loc":{"start":{"line":140,"column":36},"end":{"line":140,"column":64}},"type":"cond-expr","locations":[{"start":{"line":140,"column":52},"end":{"line":140,"column":54}},{"start":{"line":140,"column":36},"end":{"line":140,"column":64}}]},"15":{"loc":{"start":{"line":140,"column":36},"end":{"line":140,"column":54}},"type":"binary-expr","locations":[{"start":{"line":140,"column":36},"end":{"line":140,"column":54}},{"start":{"line":140,"column":36},"end":{"line":140,"column":54}}]},"16":{"loc":{"start":{"line":144,"column":6},"end":{"line":147,"column":null}},"type":"if","locations":[{"start":{"line":144,"column":6},"end":{"line":147,"column":null}}]},"17":{"loc":{"start":{"line":153,"column":42},"end":{"line":153,"column":70}},"type":"cond-expr","locations":[{"start":{"line":153,"column":58},"end":{"line":153,"column":60}},{"start":{"line":153,"column":42},"end":{"line":153,"column":70}}]},"18":{"loc":{"start":{"line":153,"column":42},"end":{"line":153,"column":60}},"type":"binary-expr","locations":[{"start":{"line":153,"column":42},"end":{"line":153,"column":60}},{"start":{"line":153,"column":42},"end":{"line":153,"column":60}}]},"19":{"loc":{"start":{"line":170,"column":11},"end":{"line":170,"column":26}},"type":"cond-expr","locations":[{"start":{"line":170,"column":22},"end":{"line":170,"column":24}},{"start":{"line":170,"column":22},"end":{"line":170,"column":26}}]},"20":{"loc":{"start":{"line":170,"column":11},"end":{"line":170,"column":24}},"type":"binary-expr","locations":[{"start":{"line":170,"column":11},"end":{"line":170,"column":24}},{"start":{"line":170,"column":22},"end":{"line":170,"column":24}}]},"21":{"loc":{"start":{"line":170,"column":11},"end":{"line":170,"column":22}},"type":"cond-expr","locations":[{"start":{"line":170,"column":14},"end":{"line":170,"column":16}},{"start":{"line":170,"column":11},"end":{"line":170,"column":22}}]},"22":{"loc":{"start":{"line":170,"column":11},"end":{"line":170,"column":16}},"type":"binary-expr","locations":[{"start":{"line":170,"column":11},"end":{"line":170,"column":16}},{"start":{"line":170,"column":11},"end":{"line":170,"column":16}}]},"23":{"loc":{"start":{"line":172,"column":6},"end":{"line":175,"column":null}},"type":"if","locations":[{"start":{"line":172,"column":6},"end":{"line":175,"column":null}}]},"24":{"loc":{"start":{"line":186,"column":8},"end":{"line":190,"column":null}},"type":"if","locations":[{"start":{"line":186,"column":8},"end":{"line":190,"column":null}}]},"25":{"loc":{"start":{"line":192,"column":8},"end":{"line":204,"column":null}},"type":"if","locations":[{"start":{"line":192,"column":8},"end":{"line":204,"column":null}}]},"26":{"loc":{"start":{"line":193,"column":10},"end":{"line":195,"column":65}},"type":"binary-expr","locations":[{"start":{"line":193,"column":10},"end":{"line":193,"column":69}},{"start":{"line":194,"column":10},"end":{"line":194,"column":75}},{"start":{"line":195,"column":10},"end":{"line":195,"column":65}}]},"27":{"loc":{"start":{"line":207,"column":8},"end":{"line":221,"column":null}},"type":"if","locations":[{"start":{"line":207,"column":8},"end":{"line":221,"column":null}}]},"28":{"loc":{"start":{"line":222,"column":8},"end":{"line":224,"column":null}},"type":"if","locations":[{"start":{"line":222,"column":8},"end":{"line":224,"column":null}}]},"29":{"loc":{"start":{"line":225,"column":8},"end":{"line":227,"column":null}},"type":"if","locations":[{"start":{"line":225,"column":8},"end":{"line":227,"column":null}}]},"30":{"loc":{"start":{"line":257,"column":21},"end":{"line":257,"column":36}},"type":"cond-expr","locations":[{"start":{"line":257,"column":32},"end":{"line":257,"column":34}},{"start":{"line":257,"column":32},"end":{"line":257,"column":36}}]},"31":{"loc":{"start":{"line":257,"column":21},"end":{"line":257,"column":34}},"type":"binary-expr","locations":[{"start":{"line":257,"column":21},"end":{"line":257,"column":34}},{"start":{"line":257,"column":32},"end":{"line":257,"column":34}}]},"32":{"loc":{"start":{"line":257,"column":21},"end":{"line":257,"column":32}},"type":"cond-expr","locations":[{"start":{"line":257,"column":24},"end":{"line":257,"column":26}},{"start":{"line":257,"column":21},"end":{"line":257,"column":32}}]},"33":{"loc":{"start":{"line":257,"column":21},"end":{"line":257,"column":26}},"type":"binary-expr","locations":[{"start":{"line":257,"column":21},"end":{"line":257,"column":26}},{"start":{"line":257,"column":21},"end":{"line":257,"column":26}}]},"34":{"loc":{"start":{"line":262,"column":4},"end":{"line":265,"column":null}},"type":"if","locations":[{"start":{"line":262,"column":4},"end":{"line":265,"column":null}}]},"35":{"loc":{"start":{"line":273,"column":4},"end":{"line":276,"column":null}},"type":"if","locations":[{"start":{"line":273,"column":4},"end":{"line":276,"column":null}}]},"36":{"loc":{"start":{"line":307,"column":6},"end":{"line":310,"column":null}},"type":"if","locations":[{"start":{"line":307,"column":6},"end":{"line":310,"column":null}}]},"37":{"loc":{"start":{"line":350,"column":6},"end":{"line":356,"column":null}},"type":"if","locations":[{"start":{"line":350,"column":6},"end":{"line":356,"column":null}},{"start":{"line":353,"column":13},"end":{"line":356,"column":null}}]}},"s":{"0":1,"1":1,"2":1,"3":1,"4":1,"5":1,"6":1,"7":1,"8":1,"9":1,"10":1,"11":1,"12":1,"13":1,"14":1,"15":1,"16":1,"17":1,"18":0,"19":0,"20":0,"21":1,"22":0,"23":0,"24":1,"25":0,"26":0,"27":0,"28":0,"29":0,"30":0,"31":0,"32":0,"33":0,"34":0,"35":0,"36":0,"37":0,"38":0,"39":0,"40":0,"41":0,"42":0,"43":0,"44":0,"45":0,"46":0,"47":0,"48":0,"49":0,"50":0,"51":1,"52":0,"53":0,"54":0,"55":0,"56":0,"57":0,"58":0,"59":0,"60":0,"61":0,"62":0,"63":0,"64":0,"65":0,"66":0,"67":0,"68":0,"69":0,"70":0,"71":0,"72":1,"73":0,"74":0,"75":0,"76":0,"77":0,"78":0,"79":0,"80":0,"81":0,"82":0,"83":0,"84":0,"85":0,"86":0,"87":0,"88":0,"89":0,"90":0,"91":0,"92":0,"93":0,"94":0,"95":0,"96":0,"97":0,"98":0,"99":0,"100":0,"101":0,"102":0,"103":0,"104":0,"105":0,"106":0,"107":0,"108":0,"109":1,"110":0,"111":0,"112":0,"113":0,"114":0,"115":0,"116":0,"117":0,"118":0,"119":0,"120":0,"121":0,"122":0,"123":0,"124":0,"125":1,"126":0,"127":0,"128":0,"129":0,"130":0,"131":0,"132":0,"133":0,"134":0,"135":0,"136":0,"137":0,"138":0,"139":0,"140":0,"141":0,"142":0,"143":0,"144":0,"145":0,"146":0,"147":0,"148":0},"f":{"0":0,"1":0,"2":0,"3":0,"4":0,"5":0,"6":0,"7":0,"8":0,"9":0,"10":0,"11":0,"12":0,"13":0,"14":0},"b":{"0":[0,0],"1":[0,0],"2":[0,0],"3":[0,0],"4":[0],"5":[0],"6":[0],"7":[0],"8":[0,0],"9":[0,0],"10":[0,0],"11":[0,0],"12":[0],"13":[0],"14":[0,0],"15":[0,0],"16":[0],"17":[0,0],"18":[0,0],"19":[0,0],"20":[0,0],"21":[0,0],"22":[0,0],"23":[0],"24":[0],"25":[0],"26":[0,0,0],"27":[0],"28":[0],"29":[0],"30":[0,0],"31":[0,0],"32":[0,0],"33":[0,0],"34":[0],"35":[0],"36":[0],"37":[0,0]}}
[...]
},"end":{"line":78,"column":56}},"29":{"start":{"line":80,"column":8},"end":{"line":80,"column":23}},"30":{"start":{"line":83,"column":6},"end":{"line":89,"column":null}},"31":{"start":{"line":84,"column":8},"end":{"line":84,"column":75}},"32":{"start":{"line":85,"column":8},"end":{"line":85,"column":72}},"33":{"start":{"line":87,"column":8},"end":{"line":87,"column":79}},"34":{"start":{"line":88,"column":8},"end":{"line":88,"column":35}},"35":{"start":{"line":92,"column":6},"end":{"line":92,"column":47}},"36":{"start":{"line":93,"column":6},"end":{"line":110,"column":null}},"37":{"start":{"line":94,"column":8},"end":{"line":94,"column":58}},"38":{"start":{"line":95,"column":8},"end":{"line":95,"column":35}},"39":{"start":{"line":96,"column":13},"end":{"line":110,"column":null}},"40":{"start":{"line":97,"column":8},"end":{"line":99,"column":10}},"41":{"start":{"line":100,"column":8},"end":{"line":100,"column":35}},"42":{"start":{"line":101,"column":13},"end":{"line":110,"column":null}},"43":{"start":{"line":102,"column":8},"end":{"line":102,"column":58}},"44":{"start":{"line":103,"column":8},"end":{"line":103,"column":18}},"45":{"start":{"line":104,"column":8},"end":{"line":104,"column":17}},"46":{"start":{"line":106,"column":8},"end":{"line":108,"column":10}},"47":{"start":{"line":109,"column":8},"end":{"line":109,"column":35}},"48":{"start":{"line":114,"column":2},"end":{"line":114,"column":78}},"49":{"start":{"line":115,"column":2},"end":{"line":115,"column":29}},"50":{"start":{"line":43,"column":0},"end":{"line":43,"column":22}}},"fnMap":{"0":{"name":"getGitRepoDetails","decl":{"start":{"line":6,"column":22},"end":{"line":6,"column":39}},"loc":{"start":{"line":7,"column":13},"end":{"line":42,"column":null}}},"1":{"name":"npm_2_git","decl":{"start":{"line":43,"column":22},"end":{"line":43,"column":31}},"loc":{"start":{"line":43,"column":46},"end":{"line":116,"column":null}}}},"branchMap":{"0":{"loc":{"start":{"line":16,"column":2},"end":{"line":22,"column":null}},"type":"if","locations":[{"start":{"line":16,"column":2},"end":{"line":22,"column":null}},{"start":{"line":19,"column":9},"end":{"line":22,"column":null}}]},"1":{"loc":{"start":{"line":25,"column":2},"end":{"line":37,"column":null}},"type":"if","locations":[{"start":{"line":25,"column":2},"end":{"line":37,"column":null}}]},"2":{"loc":{"start":{"line":65,"column":6},"end":{"line":68,"column":null}},"type":"if","locations":[{"start":{"line":65,"column":6},"end":{"line":68,"column":null}}]},"3":{"loc":{"start":{"line":72,"column":6},"end":{"line":81,"column":null}},"type":"if","locations":[{"start":{"line":72,"column":6},"end":{"line":81,"column":null}}]},"4":{"loc":{"start":{"line":83,"column":6},"end":{"line":89,"column":null}},"type":"if","locations":[{"start":{"line":83,"column":6},"end":{"line":89,"column":null}},{"start":{"line":86,"column":13},"end":{"line":89,"column":null}}]},"5":{"loc":{"start":{"line":93,"column":6},"end":{"line":110,"column":null}},"type":"if","locations":[{"start":{"line":93,"column":6},"end":{"line":110,"column":null}},{"start":{"line":96,"column":13},"end":{"line":110,"column":null}}]},"6":{"loc":{"start":{"line":93,"column":10},"end":{"line":93,"column":57}},"type":"binary-expr","locations":[{"start":{"line":93,"column":10},"end":{"line":93,"column":24}},{"start":{"line":93,"column":28},"end":{"line":93,"column":57}}]},"7":{"loc":{"start":{"line":96,"column":13},"end":{"line":110,"column":null}},"type":"if","locations":[{"start":{"line":96,"column":13},"end":{"line":110,"column":null}},{"start":{"line":101,"column":13},"end":{"line":110,"column":null}}]},"8":{"loc":{"start":{"line":96,"column":17},"end":{"line":96,"column":64}},"type":"binary-expr","locations":[{"start":{"line":96,"column":17},"end":{"line":96,"column":31}},{"start":{"line":96,"column":35},"end":{"line":96,"column":64}}]},"9":{"loc":{"start":{"line":101,"column":13},"end":{"line":110,"column":null}},"type":"if","locations":[{"start":{"line":101,"column":13},"end":{"line":110,"column":null}},{"start":{"line":105,"column":13},"end":{"line":110,"column":null}}]}},"s":{"0":3,"1":3,"2":3,"3":2,"4":0,"5":2,"6":2,"7":1,"8":1,"9":1,"10":1,"11":1,"12":1,"13":3,"14":5,"15":5,"16":5,"17":5,"18":5,"19":5,"20":5,"21":5,"22":5,"23":0,"24":0,"25":5,"26":5,"27":1,"28":1,"29":1,"30":4,"31":3,"32":3,"33":1,"34":1,"35":0,"36":0,"37":0,"38":0,"39":0,"40":0,"41":0,"42":0,"43":0,"44":0,"45":0,"46":0,"47":0,"48":0,"49":0,"50":3},"f":{"0":2,"1":5},"b":{"0":[0,2],"1":[1],"2":[0],"3":[1],"4":[3,1],"5":[0,0],"6":[0,0],"7":[0,0],"8":[0,0],"9":[0,0]}}
,"/Users/koltanhauersperger/Documents/461/ece-461-project-part2/src/service/rate.ts": {"path":"/Users/koltanhauersperger/Documents/461/ece-461-project-part2/src/service/rate.ts","statementMap":{"0":{"start":{"line":2,"column":0},"end":{"line":2,"column":36}},"1":{"start":{"line":3,"column":0},"end":{"line":3,"column":36}},"2":{"start":{"line":4,"column":0},"end":{"line":4,"column":34}},"3":{"start":{"line":5,"column":0},"end":{"line":5,"column":29}},"4":{"start":{"line":9,"column":2},"end":{"line":9,"column":72}},"5":{"start":{"line":11,"column":25},"end":{"line":11,"column":65}},"6":{"start":{"line":13,"column":2},"end":{"line":13,"column":32}},"7":{"start":{"line":14,"column":20},"end":{"line":16,"column":null}},"8":{"start":{"line":18,"column":37},"end":{"line":18,"column":58}},"9":{"start":{"line":20,"column":2},"end":{"line":20,"column":78}},"10":{"start":{"line":22,"column":2},"end":{"line":22,"column":21}},"11":{"start":{"line":8,"column":0},"end":{"line":8,"column":16}},"12":{"start":{"line":28,"column":2},"end":{"line":28,"column":60}},"13":{"start":{"line":30,"column":27},"end":{"line":30,"column":50}},"14":{"start":{"line":31,"column":2},"end":{"line":34,"column":null}},"15":{"start":{"line":32,"column":4},"end":{"line":32,"column":70}},"16":{"start":{"line":33,"column":4},"end":{"line":33,"column":17}},"17":{"start":{"line":36,"column":2},"end":{"line":36,"column":14}},"18":{"start":{"line":25,"column":0},"end":{"line":25,"column":16}}},"fnMap":{"0":{"name":"ratePackage","decl":{"start":{"line":8,"column":16},"end":{"line":8,"column":27}},"loc":{"start":{"line":8,"column":39},"end":{"line":23,"column":1}}},"1":{"name":"verify","decl":{"start":{"line":25,"column":16},"end":{"line":25,"column":22}},"loc":{"start":{"line":25,"column":57},"end":{"line":37,"column":1}}}},"branchMap":{"0":{"loc":{"start":{"line":31,"column":2},"end":{"line":34,"column":null}},"type":"if","locations":[{"start":{"line":31,"column":2},"end":{"line":34,"column":null}}]}},"s":{"0":2,"1":2,"2":2,"3":2,"4":0,"5":0,"6":0,"7":0,"8":0,"9":0,"10":0,"11":2,"12":0,"13":0,"14":0,"15":0,"16":0,"17":0,"18":2},"f":{"0":0,"1":0},"b":{"0":[0]}}
,"/Users/koltanhauersperger/Documents/461/ece-461-project-part2/src/service/zip.ts": {"path":"/Users/koltanhauersperger/Documents/461/ece-461-project-part2/src/service/zip.ts","statementMap":{"0":{"start":{"line":1,"column":0},"end":{"line":1,"column":37}},"1":{"start":{"line":2,"column":0},"end":{"line":2,"column":49}},"2":{"start":{"line":3,"column":0},"end":{"line":3,"column":34}},"3":{"start":{"line":4,"column":0},"end":{"line":4,"column":29}},"4":{"start":{"line":5,"column":15},"end":{"line":5,"column":33}},"5":{"start":{"line":6,"column":0},"end":{"line":6,"column":32}},"6":{"start":{"line":7,"column":0},"end":{"line":7,"column":29}},"7":{"start":{"line":8,"column":16},"end":{"line":8,"column":34}},"8":{"start":{"line":9,"column":0},"end":{"line":9,"column":43}},"9":{"start":{"line":10,"column":0},"end":{"line":10,"column":36}},"10":{"start":{"line":12,"column":16},"end":{"line":14,"column":2}},"11":{"start":{"line":18,"column":2},"end":{"line":18,"column":67}},"12":{"start":{"line":19,"column":18},"end":{"line":19,"column":45}},"13":{"start":{"line":20,"column":14},"end":{"line":20,"column":44}},"14":{"start":{"line":21,"column":21},"end":{"line":21,"column":64}},"15":{"start":{"line":23,"column":2},"end":{"line":23,"column":20}},"16":{"start":{"line":27,"column":2},"end":{"line":32,"column":4}},"17":{"start":{"line":34,"column":15},"end":{"line":40,"column":4}},"18":{"start":{"line":42,"column":2},"end":{"line":45,"column":4}},"19":{"start":{"line":47,"column":2},"end":{"line":50,"column":4}},"20":{"start":{"line":58,"column":2},"end":{"line":58,"column":69}},"21":{"start":{"line":60,"column":18},"end":{"line":60,"column":46}},"22":{"start":{"line":61,"column":2},"end":{"line":64,"column":null}},"23":{"start":{"line":62,"column":4},"end":{"line":62,"column":68}},"24":{"start":{"line":63,"column":4},"end":{"line":63,"column":16}},"25":{"start":{"line":66,"column":2},"end":{"line":66,"column":68}},"26":{"start":{"line":67,"column":2},"end":{"line":67,"column":58}},"27":{"start":{"line":69,"column":28},"end":{"line":73,"column":null}},"28":{"start":{"line":76,"column":28},"end":{"line":80,"column":null}},"29":{"start":{"line":83,"column":2},"end":{"line":83,"column":73}},"30":{"start":{"line":84,"column":16},"end":{"line":84,"column":46}},"31":{"start":{"line":86,"column":2},"end":{"line":88,"column":4}},"32":{"start":{"line":89,"column":2},"end":{"line":89,"column":37}},"33":{"start":{"line":90,"column":2},"end":{"line":90,"column":21}},"34":{"start":{"line":92,"column":2},"end":{"line":92,"column":17}},"35":{"start":{"line":53,"column":0},"end":{"line":53,"column":22}},"36":{"start":{"line":96,"column":2},"end":{"line":96,"column":49}},"37":{"start":{"line":98,"column":2},"end":{"line":135,"column":null}},"38":{"start":{"line":99,"column":19},"end":{"line":99,"column":49}},"39":{"start":{"line":100,"column":16},"end":{"line":100,"column":34}},"40":{"start":{"line":101,"column":19},"end":{"line":101,"column":70}},"41":{"start":{"line":113,"column":4},"end":{"line":113,"column":43}},"42":{"start":{"line":115,"column":16},"end":{"line":115,"column":32}},"43":{"start":{"line":116,"column":17},"end":{"line":116,"column":35}},"44":{"start":{"line":117,"column":20},"end":{"line":117,"column":22}},"45":{"start":{"line":118,"column":4},"end":{"line":126,"column":null}},"46":{"start":{"line":119,"column":6},"end":{"line":119,"column":36}},"47":{"start":{"line":120,"column":6},"end":{"line":120,"column":25}},"48":{"start":{"line":121,"column":6},"end":{"line":125,"column":9}},"49":{"start":{"line":122,"column":8},"end":{"line":124,"column":null}},"50":{"start":{"line":123,"column":10},"end":{"line":123,"column":25}},"51":{"start":{"line":128,"column":4},"end":{"line":128,"column":72}},"52":{"start":{"line":130,"column":4},"end":{"line":130,"column":42}},"53":{"start":{"line":132,"column":4},"end":{"line":132,"column":58}},"54":{"start":{"line":133,"column":4},"end":{"line":133,"column":22}},"55":{"start":{"line":134,"column":4},"end":{"line":134,"column":14}},"56":{"start":{"line":95,"column":0},"end":{"line":95,"column":22}},"57":{"start":{"line":141,"column":2},"end":{"line":141,"column":69}},"58":{"start":{"line":143,"column":17},"end":{"line":143,"column":44}},"59":{"start":{"line":144,"column":2},"end":{"line":147,"column":null}},"60":{"start":{"line":145,"column":4},"end":{"line":145,"column":64}},"61":{"start":{"line":146,"column":4},"end":{"line":146,"column":44}},"62":{"start":{"line":149,"column":21},"end":{"line":149,"column":51}},"63":{"start":{"line":150,"column":15},"end":{"line":150,"column":40}},"64":{"start":{"line":152,"column":2},"end":{"line":152,"column":39}},"65":{"start":{"line":154,"column":2},"end":{"line":154,"column":34}},"66":{"start":{"line":138,"column":0},"end":{"line":138,"column":22}},"67":{"start":{"line":158,"column":2},"end":{"line":161,"column":4}},"68":{"start":{"line":164,"column":29},"end":{"line":164,"column":42}},"69":{"start":{"line":165,"column":28},"end":{"line":165,"column":30}},"70":{"start":{"line":167,"column":14},"end":{"line":167,"column":40}},"71":{"start":{"line":168,"column":2},"end":{"line":174,"column":4}},"72":{"start":{"line":170,"column":6},"end":{"line":172,"column":null}},"73":{"start":{"line":171,"column":8},"end":{"line":171,"column":27}},"74":{"start":{"line":176,"column":2},"end":{"line":179,"column":null}},"75":{"start":{"line":177,"column":4},"end":{"line":177,"column":47}},"76":{"start":{"line":178,"column":4},"end":{"line":178,"column":14}},"77":{"start":{"line":181,"column":28},"end":{"line":181,"column":60}},"78":{"start":{"line":182,"column":28},"end":{"line":182,"column":66}},"79":{"start":{"line":184,"column":2},"end":{"line":184,"column":41}},"80":{"start":{"line":186,"column":2},"end":{"line":186,"column":39}},"81":{"start":{"line":157,"column":0},"end":{"line":157,"column":22}},"82":{"start":{"line":192,"column":2},"end":{"line":192,"column":72}},"83":{"start":{"line":194,"column":2},"end":{"line":207,"column":null}},"84":{"start":{"line":195,"column":36},"end":{"line":195,"column":71}},"85":{"start":{"line":196,"column":40},"end":{"line":198,"column":null}},"86":{"start":{"line":201,"column":30},"end":{"line":201,"column":79}},"87":{"start":{"line":203,"column":4},"end":{"line":203,"column":31}},"88":{"start":{"line":205,"column":4},"end":{"line":205,"column":63}},"89":{"start":{"line":206,"column":4},"end":{"line":206,"column":14}},"90":{"start":{"line":189,"column":0},"end":{"line":189,"column":22}},"91":{"start":{"line":211,"column":2},"end":{"line":211,"column":67}},"92":{"start":{"line":214,"column":2},"end":{"line":221,"column":null}},"93":{"start":{"line":215,"column":4},"end":{"line":215,"column":60}},"94":{"start":{"line":216,"column":4},"end":{"line":219,"column":null}},"95":{"start":{"line":217,"column":6},"end":{"line":217,"column":62}},"96":{"start":{"line":218,"column":6},"end":{"line":218,"column":33}},"97":{"start":{"line":220,"column":4},"end":{"line":220,"column":71}},"98":{"start":{"line":223,"column":2},"end":{"line":223,"column":62}},"99":{"start":{"line":224,"column":2},"end":{"line":224,"column":12}},"100":{"start":{"line":228,"column":2},"end":{"line":228,"column":64}},"101":{"start":{"line":231,"column":2},"end":{"line":237,"column":null}},"102":{"start":{"line":232,"column":4},"end":{"line":236,"column":null}},"103":{"start":{"line":233,"column":6},"end":{"line":233,"column":43}},"104":{"start":{"line":235,"column":6},"end":{"line":235,"column":75}},"105":{"start":{"line":239,"column":2},"end":{"line":239,"column":63}},"106":{"start":{"line":227,"column":0},"end":{"line":227,"column":22}},"107":{"start":{"line":243,"column":2},"end":{"line":243,"column":56}},"108":{"start":{"line":246,"column":2},"end":{"line":252,"column":null}},"109":{"start":{"line":247,"column":4},"end":{"line":251,"column":null}},"110":{"start":{"line":248,"column":6},"end":{"line":248,"column":28}},"111":{"start":{"line":250,"column":6},"end":{"line":250,"column":67}},"112":{"start":{"line":254,"column":2},"end":{"line":254,"column":55}},"113":{"start":{"line":242,"column":0},"end":{"line":242,"column":22}}},"fnMap":{"0":{"name":"zipToBase64","decl":{"start":{"line":17,"column":15},"end":{"line":17,"column":26}},"loc":{"start":{"line":17,"column":43},"end":{"line":24,"column":null}}},"1":{"name":"getPackageZip","decl":{"start":{"line":26,"column":15},"end":{"line":26,"column":28}},"loc":{"start":{"line":26,"column":56},"end":{"line":51,"column":null}}},"2":{"name":"getContentFromUrl","decl":{"start":{"line":53,"column":22},"end":{"line":53,"column":39}},"loc":{"start":{"line":53,"column":51},"end":{"line":93,"column":null}}},"3":{"name":"unzipContent","decl":{"start":{"line":95,"column":22},"end":{"line":95,"column":34}},"loc":{"start":{"line":95,"column":50},"end":{"line":136,"column":null}}},"4":{"name":"(anonymous_22)","decl":{"start":{"line":121,"column":20},"end":{"line":121,"column":21}},"loc":{"start":{"line":121,"column":29},"end":{"line":125,"column":7}}},"5":{"name":"getInfoFromContent","decl":{"start":{"line":138,"column":22},"end":{"line":138,"column":40}},"loc":{"start":{"line":139,"column":17},"end":{"line":155,"column":null}}},"6":{"name":"getReadme","decl":{"start":{"line":157,"column":22},"end":{"line":157,"column":31}},"loc":{"start":{"line":157,"column":48},"end":{"line":187,"column":null}}},"7":{"name":"(anonymous_27)","decl":{"start":{"line":169,"column":14},"end":{"line":169,"column":15}},"loc":{"start":{"line":169,"column":23},"end":{"line":173,"column":5}}},"8":{"name":"getPackageJSON","decl":{"start":{"line":189,"column":22},"end":{"line":189,"column":36}},"loc":{"start":{"line":189,"column":53},"end":{"line":208,"column":null}}},"9":{"name":"getPackageJSONObject","decl":{"start":{"line":210,"column":15},"end":{"line":210,"column":35}},"loc":{"start":{"line":210,"column":65},"end":{"line":225,"column":null}}},"10":{"name":"deleteUnzippedFolder","decl":{"start":{"line":227,"column":22},"end":{"line":227,"column":42}},"loc":{"start":{"line":227,"column":59},"end":{"line":240,"column":null}}},"11":{"name":"deleteBase64File","decl":{"start":{"line":242,"column":22},"end":{"line":242,"column":38}},"loc":{"start":{"line":242,"column":61},"end":{"line":255,"column":null}}}},"branchMap":{"0":{"loc":{"start":{"line":61,"column":2},"end":{"line":64,"column":null}},"type":"if","locations":[{"start":{"line":61,"column":2},"end":{"line":64,"column":null}}]},"1":{"loc":{"start":{"line":61,"column":6},"end":{"line":61,"column":56}},"type":"binary-expr","locations":[{"start":{"line":61,"column":6},"end":{"line":61,"column":14}},{"start":{"line":61,"column":18},"end":{"line":61,"column":35}},{"start":{"line":61,"column":39},"end":{"line":61,"column":56}}]},"2":{"loc":{"start":{"line":118,"column":4},"end":{"line":126,"column":null}},"type":"if","locations":[{"start":{"line":118,"column":4},"end":{"line":126,"column":null}}]},"3":{"loc":{"start":{"line":122,"column":8},"end":{"line":124,"column":null}},"type":"if","locations":[{"start":{"line":122,"column":8},"end":{"line":124,"column":null}}]},"4":{"loc":{"start":{"line":144,"column":2},"end":{"line":147,"column":null}},"type":"if","locations":[{"start":{"line":144,"column":2},"end":{"line":147,"column":null}}]},"5":{"loc":{"start":{"line":170,"column":6},"end":{"line":172,"column":null}},"type":"if","locations":[{"start":{"line":170,"column":6},"end":{"line":172,"column":null}}]},"6":{"loc":{"start":{"line":176,"column":2},"end":{"line":179,"column":null}},"type":"if","locations":[{"start":{"line":176,"column":2},"end":{"line":179,"column":null}}]},"7":{"loc":{"start":{"line":214,"column":2},"end":{"line":221,"column":null}},"type":"if","locations":[{"start":{"line":214,"column":2},"end":{"line":221,"column":null}}]},"8":{"loc":{"start":{"line":216,"column":4},"end":{"line":219,"column":null}},"type":"if","locations":[{"start":{"line":216,"column":4},"end":{"line":219,"column":null}}]},"9":{"loc":{"start":{"line":231,"column":2},"end":{"line":237,"column":null}},"type":"if","locations":[{"start":{"line":231,"column":2},"end":{"line":237,"column":null}}]},"10":{"loc":{"start":{"line":246,"column":2},"end":{"line":252,"column":null}},"type":"if","locations":[{"start":{"line":246,"column":2},"end":{"line":252,"column":null}}]}},"s":{"0":2,"1":2,"2":2,"3":2,"4":2,"5":2,"6":2,"7":2,"8":2,"9":2,"10":2,"11":0,"12":0,"13":0,"14":0,"15":0,"16":0,"17":0,"18":0,"19":0,"20":0,"21":0,"22":0,"23":0,"24":0,"25":0,"26":0,"27":0,"28":0,"29":0,"30":0,"31":0,"32":0,"33":0,"34":0,"35":2,"36":0,"37":0,"38":0,"39":0,"40":0,"41":0,"42":0,"43":0,"44":0,"45":0,"46":0,"47":0,"48":0,"49":0,"50":0,"51":0,"52":0,"53":0,"54":0,"55":0,"56":2,"57":0,"58":0,"59":0,"60":0,"61":0,"62":0,"63":0,"64":0,"65":0,"66":2,"67":0,"68":0,"69":0,"70":0,"71":0,"72":0,"73":0,"74":0,"75":0,"76":0,"77":0,"78":0,"79":0,"80":0,"81":2,"82":0,"83":0,"84":0,"85":0,"86":0,"87":0,"88":0,"89":0,"90":2,"91":0,"92":0,"93":0,"94":0,"95":0,"96":0,"97":0,"98":0,"99":0,"100":0,"101":0,"102":0,"103":0,"104":0,"105":0,"106":2,"107":0,"108":0,"109":0,"110":0,"111":0,"112":0,"113":2},"f":{"0":0,"1":0,"2":0,"3":0,"4":0,"5":0,"6":0,"7":0,"8":0,"9":0,"10":0,"11":0},"b":{"0":[0],"1":[0,0,0],"2":[0],"3":[0],"4":[0],"5":[0],"6":[0],"7":[0],"8":[0],"9":[0],"10":[0]}}
}
