TN:
SF:src/app.ts
FN:15,defineServer
FN:25,(anonymous_2)
FN:38,startServer
FN:41,(anonymous_4)
FN:48,main
FNF:5
FNH:2
FNDA:1,defineServer
FNDA:0,(anonymous_2)
FNDA:1,startServer
FNDA:0,(anonymous_4)
FNDA:0,main
DA:1,1
DA:4,1
DA:5,1
DA:6,1
DA:7,1
DA:8,1
DA:9,1
DA:10,1
DA:11,1
DA:12,1
DA:16,1
DA:18,1
DA:20,1
DA:21,1
DA:22,1
DA:25,1
DA:26,0
DA:29,1
DA:30,1
DA:31,1
DA:32,1
DA:33,1
DA:35,1
DA:39,1
DA:41,1
DA:42,0
DA:45,1
DA:50,0
DA:53,0
DA:54,0
DA:58,1
DA:59,0
DA:62,1
LF:33
LH:27
BRDA:39,0,0,1
BRDA:39,0,1,1
BRDA:58,1,0,0
BRF:3
BRH:2
end_of_record
TN:
SF:src/logging.ts
FNF:0
FNH:0
DA:1,4
DA:2,4
DA:5,4
LF:3
LH:3
BRF:0
BRH:0
end_of_record
TN:
SF:src/config/config.ts
FN:9,connectToMongo
FN:39,disconnectFromMongo
FN:51,uploadFileToMongo
FN:75,(anonymous_20)
FN:78,(anonymous_21)
FN:90,downloadFileFromMongo
FN:104,(anonymous_24)
FN:110,(anonymous_25)
FN:118,deleteFileFromMongo
FN:128,deleteAllFilesFromMongo
FN:133,(anonymous_30)
FNF:11
FNH:2
FNDA:6,connectToMongo
FNDA:6,disconnectFromMongo
FNDA:0,uploadFileToMongo
FNDA:0,(anonymous_20)
FNDA:0,(anonymous_21)
FNDA:0,downloadFileFromMongo
FNDA:0,(anonymous_24)
FNDA:0,(anonymous_25)
FNDA:0,deleteFileFromMongo
FNDA:0,deleteAllFilesFromMongo
FNDA:0,(anonymous_30)
DA:1,2
DA:2,2
DA:3,2
DA:4,2
DA:5,2
DA:6,2
DA:9,2
DA:15,6
DA:18,6
DA:19,6
DA:25,6
DA:26,6
DA:28,6
DA:31,6
DA:32,6
DA:36,6
DA:39,2
DA:44,6
DA:46,6
DA:48,6
DA:51,2
DA:58,0
DA:61,0
DA:62,0
DA:64,0
DA:67,0
DA:68,0
DA:69,0
DA:70,0
DA:71,0
DA:73,0
DA:76,0
DA:79,0
DA:82,0
DA:85,0
DA:90,2
DA:97,0
DA:99,0
DA:101,0
DA:105,0
DA:108,0
DA:111,0
DA:112,0
DA:113,0
DA:114,0
DA:118,2
DA:119,0
DA:121,0
DA:122,0
DA:124,0
DA:128,2
DA:129,0
DA:131,0
DA:133,0
DA:134,0
DA:137,0
LF:56
LH:24
BRDA:18,0,0,6
BRDA:18,0,1,6
BRDA:19,1,0,6
BRDA:19,1,1,6
BRF:4
BRH:4
end_of_record
TN:
SF:src/controller/package.controller.ts
FN:28,(anonymous_8)
FN:32,(anonymous_9)
FN:205,getVersionFromURL
FN:270,buildHistoryEntry
FN:287,getMetadata
FN:325,isNameInDb
FNF:6
FNH:2
FNDA:0,(anonymous_8)
FNDA:0,(anonymous_9)
FNDA:5,getVersionFromURL
FNDA:0,buildHistoryEntry
FNDA:3,getMetadata
FNDA:0,isNameInDb
DA:1,2
DA:5,2
DA:6,2
DA:13,2
DA:14,2
DA:19,2
DA:20,2
DA:21,2
DA:22,2
DA:23,2
DA:24,2
DA:25,2
DA:26,2
DA:28,2
DA:32,0
DA:33,0
DA:37,0
DA:40,0
DA:41,0
DA:42,0
DA:45,0
DA:49,0
DA:50,0
DA:51,0
DA:52,0
DA:53,0
DA:54,0
DA:57,0
DA:58,0
DA:61,0
DA:62,0
DA:66,0
DA:67,0
DA:68,0
DA:72,0
DA:76,0
DA:77,0
DA:78,0
DA:80,0
DA:81,0
DA:82,0
DA:83,0
DA:84,0
DA:85,0
DA:86,0
DA:88,0
DA:93,0
DA:96,0
DA:97,0
DA:101,0
DA:107,0
DA:108,0
DA:109,0
DA:110,0
DA:111,0
DA:114,0
DA:115,0
DA:116,0
DA:117,0
DA:120,0
DA:121,0
DA:122,0
DA:126,0
DA:127,0
DA:129,0
DA:132,0
DA:133,0
DA:134,0
DA:137,0
DA:141,0
DA:142,0
DA:143,0
DA:146,0
DA:152,0
DA:154,0
DA:156,0
DA:158,0
DA:159,0
DA:161,0
DA:162,0
DA:163,0
DA:164,0
DA:167,0
DA:171,0
DA:172,0
DA:173,0
DA:177,0
DA:178,0
DA:182,0
DA:185,0
DA:186,0
DA:188,0
DA:189,0
DA:194,0
DA:196,0
DA:200,0
DA:202,0
DA:210,5
DA:237,5
DA:238,3
DA:239,3
DA:242,2
DA:246,2
DA:247,2
DA:248,2
DA:250,1
DA:251,1
DA:253,1
DA:257,1
DA:259,0
DA:262,0
DA:265,1
DA:266,1
DA:279,0
DA:280,0
DA:281,0
DA:282,0
DA:284,0
DA:295,3
DA:297,3
DA:300,3
DA:301,1
DA:302,1
DA:303,1
DA:305,2
DA:306,2
DA:307,2
DA:310,3
DA:312,1
DA:313,1
DA:316,2
DA:322,2
DA:330,0
DA:332,0
DA:336,2
LF:135
LH:43
BRDA:46,0,0,0
BRDA:46,0,1,0
BRDA:46,1,0,0
BRDA:46,1,1,0
BRDA:49,2,0,0
BRDA:49,2,1,0
BRDA:49,3,0,0
BRDA:49,3,1,0
BRDA:52,4,0,0
BRDA:52,5,0,0
BRDA:52,5,1,0
BRDA:57,6,0,0
BRDA:57,6,1,0
BRDA:67,7,0,0
BRDA:76,8,0,0
BRDA:83,9,0,0
BRDA:101,10,0,0
BRDA:101,10,1,0
BRDA:108,11,0,0
BRDA:114,12,0,0
BRDA:120,13,0,0
BRDA:126,14,0,0
BRDA:132,15,0,0
BRDA:154,16,0,0
BRDA:154,16,1,0
BRDA:161,17,0,0
BRDA:172,18,0,0
BRDA:237,19,0,3
BRDA:250,20,0,1
BRDA:250,20,1,0
BRDA:300,21,0,1
BRDA:300,21,1,2
BRDA:300,22,0,3
BRDA:300,22,1,3
BRDA:300,22,2,1
BRDA:306,23,0,2
BRDA:306,23,1,1
BRDA:306,24,0,1
BRDA:306,24,1,1
BRDA:306,25,0,2
BRDA:306,25,1,1
BRDA:306,26,0,2
BRDA:306,26,1,1
BRDA:307,27,0,2
BRDA:307,27,1,1
BRDA:310,28,0,1
BRDA:310,29,0,3
BRDA:310,29,1,2
BRDA:332,30,0,0
BRDA:332,30,1,0
BRF:50
BRH:20
end_of_record
TN:
SF:src/middleware/authorizeUser.ts
FN:10,(anonymous_7)
FN:14,(anonymous_8)
FNF:2
FNH:0
FNDA:0,(anonymous_7)
FNDA:0,(anonymous_8)
DA:1,2
DA:4,2
DA:7,2
DA:8,2
DA:9,2
DA:10,2
DA:14,0
DA:28,0
DA:29,0
DA:30,0
DA:31,0
DA:32,0
DA:33,0
DA:34,0
DA:35,0
DA:36,0
DA:37,0
DA:38,0
DA:39,0
DA:40,0
DA:41,0
DA:47,0
DA:48,0
DA:49,0
DA:50,0
DA:51,0
DA:52,0
DA:53,0
DA:55,0
DA:57,0
DA:58,0
DA:59,0
DA:61,0
DA:63,0
DA:64,0
DA:65,0
DA:67,0
DA:69,0
DA:70,0
DA:71,0
DA:73,0
DA:75,0
DA:76,0
DA:77,0
DA:78,0
DA:82,0
DA:83,0
DA:84,0
DA:87,0
DA:88,0
DA:90,0
DA:91,0
DA:92,0
DA:98,0
DA:99,0
DA:100,0
DA:104,0
DA:105,0
DA:106,0
DA:107,0
DA:109,0
DA:111,0
DA:112,0
DA:113,0
DA:115,0
DA:117,0
DA:118,0
DA:119,0
DA:121,0
DA:123,0
DA:124,0
DA:125,0
DA:127,0
DA:129,0
DA:130,0
DA:131,0
DA:132,0
DA:133,0
DA:136,0
DA:137,0
DA:138,0
DA:139,0
DA:143,0
DA:144,0
DA:148,0
DA:151,0
DA:154,0
DA:161,0
DA:162,0
LF:89
LH:6
BRDA:31,0,0,0
BRDA:31,0,1,0
BRDA:37,1,0,0
BRDA:37,1,1,0
BRDA:48,2,0,0
BRDA:49,3,0,0
BRDA:50,4,0,0
BRDA:51,5,0,0
BRDA:51,5,1,0
BRDA:57,6,0,0
BRDA:57,6,1,0
BRDA:63,7,0,0
BRDA:63,7,1,0
BRDA:69,8,0,0
BRDA:69,8,1,0
BRDA:82,9,0,0
BRDA:90,10,0,0
BRDA:90,10,1,0
BRDA:90,11,0,0
BRDA:90,11,1,0
BRDA:99,12,0,0
BRDA:100,13,0,0
BRDA:101,14,0,0
BRDA:101,14,1,0
BRDA:105,15,0,0
BRDA:105,15,1,0
BRDA:111,16,0,0
BRDA:111,16,1,0
BRDA:117,17,0,0
BRDA:117,17,1,0
BRDA:123,18,0,0
BRDA:123,18,1,0
BRDA:136,19,0,0
BRDA:138,20,0,0
BRDA:138,21,0,0
BRDA:138,21,1,0
BRDA:138,22,0,0
BRDA:138,22,1,0
BRDA:140,23,0,0
BRDA:140,23,1,0
BRDA:140,24,0,0
BRDA:140,24,1,0
BRDA:143,25,0,0
BRDA:143,26,0,0
BRDA:143,26,1,0
BRDA:143,27,0,0
BRDA:143,27,1,0
BRDA:145,28,0,0
BRDA:145,28,1,0
BRDA:145,29,0,0
BRDA:145,29,1,0
BRF:51
BRH:0
end_of_record
TN:
SF:src/middleware/hashfunc.ts
FN:3,hashPassword
FN:10,verifyPassword
FNF:2
FNH:0
FNDA:0,hashPassword
FNDA:0,verifyPassword
DA:1,2
DA:3,2
DA:4,0
DA:5,0
DA:6,0
DA:7,0
DA:10,2
DA:14,0
DA:15,0
LF:9
LH:3
BRF:0
BRH:0
end_of_record
TN:
SF:src/middleware/validate.ts
FN:5,(anonymous_7)
FN:6,(anonymous_8)
FN:6,(anonymous_9)
FNF:3
FNH:1
FNDA:1,(anonymous_7)
FNDA:0,(anonymous_8)
FNDA:0,(anonymous_9)
DA:3,1
DA:5,1
DA:6,1
DA:7,0
DA:8,0
DA:9,0
DA:10,0
DA:11,0
DA:13,0
LF:9
LH:3
BRDA:8,0,0,0
BRDA:8,0,1,0
BRDA:8,1,0,0
BRDA:8,1,1,0
BRDA:9,2,0,0
BRDA:9,2,1,0
BRF:6
BRH:0
end_of_record
TN:
SF:src/model/package.ts
FNF:0
FNH:0
DA:12,3
DA:13,3
DA:14,3
DA:15,3
DA:22,3
DA:28,3
DA:30,3
LF:7
LH:7
BRF:0
BRH:0
end_of_record
TN:
SF:src/model/packageData.ts
FNF:0
FNH:0
DA:13,3
DA:14,3
DA:15,3
DA:38,3
DA:46,3
DA:48,3
DA:53,3
LF:7
LH:7
BRF:0
BRH:0
end_of_record
TN:
SF:src/model/packageHistoryEntry.ts
FNF:0
FNH:0
DA:12,2
DA:13,2
DA:14,2
DA:32,2
DA:40,2
LF:5
LH:5
BRF:0
BRH:0
end_of_record
TN:
SF:src/model/packageMetadata.ts
FNF:0
FNH:0
DA:13,3
DA:14,3
DA:34,3
DA:40,3
DA:42,3
LF:5
LH:5
BRF:0
BRH:0
end_of_record
TN:
SF:src/model/packageQuery.ts
FNF:0
FNH:0
DA:13,2
DA:14,2
DA:30,2
DA:35,2
DA:40,2
LF:5
LH:5
BRF:0
BRH:0
end_of_record
TN:
SF:src/model/packageRating.ts
FNF:0
FNH:0
DA:13,2
DA:14,2
DA:49,2
DA:61,2
DA:66,2
DA:77,2
LF:6
LH:6
BRF:0
BRH:0
end_of_record
TN:
SF:src/model/transform.ts
FN:3,transform
FNF:1
FNH:0
FNDA:0,transform
DA:3,3
DA:5,0
DA:6,0
DA:7,0
DA:9,0
LF:5
LH:1
BRF:0
BRH:0
end_of_record
TN:
SF:src/model/user.ts
FNF:0
FNH:0
DA:13,3
DA:14,3
DA:35,3
DA:43,3
DA:48,3
LF:5
LH:5
BRF:0
BRH:0
end_of_record
TN:
SF:src/model/userAuthenticationInfo.ts
FNF:0
FNH:0
DA:13,3
DA:25,3
DA:30,3
DA:35,3
LF:4
LH:4
BRF:0
BRH:0
end_of_record
TN:
SF:src/route/authenticate.route.ts
FN:12,(anonymous_0)
FNF:1
FNH:0
FNDA:0,(anonymous_0)
DA:2,1
DA:3,1
DA:7,1
DA:8,1
DA:9,1
DA:12,1
DA:13,0
DA:17,0
DA:18,0
DA:19,0
DA:21,0
DA:27,0
DA:28,0
DA:29,0
DA:31,0
DA:32,0
DA:36,0
DA:37,0
DA:38,0
LF:19
LH:6
BRDA:27,0,0,0
BRDA:27,0,1,0
BRF:2
BRH:0
end_of_record
TN:
SF:src/route/package.route.ts
FN:34,(anonymous_8)
FN:34,(anonymous_9)
FN:45,(anonymous_10)
FN:57,(anonymous_11)
FN:57,(anonymous_12)
FN:118,(anonymous_13)
FN:118,(anonymous_14)
FN:143,(anonymous_15)
FN:163,(anonymous_16)
FN:163,(anonymous_17)
FN:253,(anonymous_18)
FN:253,(anonymous_19)
FN:290,(anonymous_20)
FN:290,(anonymous_21)
FN:340,(anonymous_22)
FNF:15
FNH:0
FNDA:0,(anonymous_8)
FNDA:0,(anonymous_9)
FNDA:0,(anonymous_10)
FNDA:0,(anonymous_11)
FNDA:0,(anonymous_12)
FNDA:0,(anonymous_13)
FNDA:0,(anonymous_14)
FNDA:0,(anonymous_15)
FNDA:0,(anonymous_16)
FNDA:0,(anonymous_17)
FNDA:0,(anonymous_18)
FNDA:0,(anonymous_19)
FNDA:0,(anonymous_20)
FNDA:0,(anonymous_21)
FNDA:0,(anonymous_22)
DA:2,1
DA:3,1
DA:4,1
DA:7,1
DA:8,1
DA:9,1
DA:10,1
DA:11,1
DA:12,1
DA:13,1
DA:14,1
DA:15,1
DA:16,1
DA:17,1
DA:18,1
DA:20,1
DA:24,1
DA:31,1
DA:34,0
DA:35,0
DA:38,0
DA:42,1
DA:46,0
DA:49,0
DA:54,1
DA:57,0
DA:58,0
DA:65,0
DA:66,0
DA:68,0
DA:69,0
DA:70,0
DA:73,0
DA:74,0
DA:75,0
DA:76,0
DA:79,0
DA:80,0
DA:81,0
DA:84,0
DA:87,0
DA:89,0
DA:90,0
DA:91,0
DA:99,0
DA:100,0
DA:102,0
DA:103,0
DA:105,0
DA:108,0
DA:109,0
DA:115,1
DA:118,0
DA:119,0
DA:121,0
DA:125,0
DA:126,0
DA:127,0
DA:131,0
DA:134,0
DA:135,0
DA:136,0
DA:137,0
DA:140,0
DA:143,0
DA:144,0
DA:145,0
DA:146,0
DA:149,0
DA:151,0
DA:153,0
DA:154,0
DA:160,1
DA:163,0
DA:164,0
DA:169,0
DA:170,0
DA:172,0
DA:173,0
DA:174,0
DA:177,0
DA:179,0
DA:181,0
DA:183,0
DA:184,0
DA:186,0
DA:187,0
DA:188,0
DA:189,0
DA:192,0
DA:197,0
DA:199,0
DA:207,0
DA:208,0
DA:209,0
DA:215,0
DA:217,0
DA:222,0
DA:223,0
DA:225,0
DA:226,0
DA:229,0
DA:231,0
DA:233,0
DA:236,0
DA:238,0
DA:239,0
DA:243,0
DA:244,0
DA:250,1
DA:253,0
DA:254,0
DA:257,0
DA:259,0
DA:262,0
DA:263,0
DA:264,0
DA:267,0
DA:270,0
DA:273,0
DA:274,0
DA:275,0
DA:279,0
DA:281,0
DA:282,0
DA:287,1
DA:290,0
DA:291,0
DA:298,0
DA:305,0
DA:306,0
DA:307,0
DA:308,0
DA:309,0
DA:312,0
DA:315,0
DA:316,0
DA:336,0
DA:337,0
DA:340,0
DA:341,0
DA:347,0
DA:350,0
DA:351,0
DA:352,0
DA:354,0
DA:355,0
DA:359,0
DA:360,0
LF:149
LH:24
BRDA:66,0,0,0
BRDA:66,0,1,0
BRDA:66,1,0,0
BRDA:66,1,1,0
BRDA:66,2,0,0
BRDA:66,2,1,0
BRDA:66,3,0,0
BRDA:66,3,1,0
BRDA:68,4,0,0
BRDA:74,5,0,0
BRDA:80,6,0,0
BRDA:89,7,0,0
BRDA:121,8,0,0
BRDA:121,8,1,0
BRDA:121,9,0,0
BRDA:121,9,1,0
BRDA:121,10,0,0
BRDA:121,10,1,0
BRDA:121,11,0,0
BRDA:121,11,1,0
BRDA:125,12,0,0
BRDA:135,13,0,0
BRDA:140,14,0,0
BRDA:140,14,1,0
BRDA:140,15,0,0
BRDA:140,15,1,0
BRDA:144,16,0,0
BRDA:153,17,0,0
BRDA:153,17,1,0
BRDA:153,18,0,0
BRDA:153,18,1,0
BRDA:170,19,0,0
BRDA:170,19,1,0
BRDA:170,20,0,0
BRDA:170,20,1,0
BRDA:170,21,0,0
BRDA:170,21,1,0
BRDA:170,22,0,0
BRDA:170,22,1,0
BRDA:172,23,0,0
BRDA:186,24,0,0
BRDA:192,25,0,0
BRDA:193,26,0,0
BRDA:193,26,1,0
BRDA:193,26,2,0
BRDA:207,27,0,0
BRDA:222,28,0,0
BRDA:225,29,0,0
BRDA:257,30,0,0
BRDA:257,30,1,0
BRDA:257,31,0,0
BRDA:257,31,1,0
BRDA:257,32,0,0
BRDA:257,32,1,0
BRDA:257,33,0,0
BRDA:257,33,1,0
BRDA:262,34,0,0
BRDA:273,35,0,0
BRDA:307,36,0,0
BRDA:350,37,0,0
BRDA:350,37,1,0
BRF:61
BRH:0
end_of_record
TN:
SF:src/route/packages.route.ts
FN:13,(anonymous_7)
FN:13,(anonymous_8)
FN:32,(anonymous_9)
FN:42,(anonymous_10)
FN:42,(anonymous_11)
FN:57,(anonymous_12)
FN:57,(anonymous_13)
FN:83,getVersions
FN:91,(anonymous_15)
FN:94,getAllPackages
FN:108,getPackagesByVersionName
FN:130,addResultToPackages
FN:137,(anonymous_21)
FNF:13
FNH:4
FNDA:0,(anonymous_7)
FNDA:0,(anonymous_8)
FNDA:0,(anonymous_9)
FNDA:0,(anonymous_10)
FNDA:0,(anonymous_11)
FNDA:0,(anonymous_12)
FNDA:0,(anonymous_13)
FNDA:2,getVersions
FNDA:4,(anonymous_15)
FNDA:0,getAllPackages
FNDA:0,getPackagesByVersionName
FNDA:1,addResultToPackages
FNDA:10,(anonymous_21)
DA:2,2
DA:3,2
DA:5,2
DA:7,2
DA:9,2
DA:10,2
DA:13,2
DA:14,0
DA:17,0
DA:19,0
DA:20,0
DA:21,0
DA:22,0
DA:24,0
DA:27,0
DA:29,0
DA:32,0
DA:33,0
DA:34,0
DA:35,0
DA:39,0
DA:41,0
DA:42,0
DA:43,0
DA:45,0
DA:46,0
DA:48,0
DA:49,0
DA:50,0
DA:51,0
DA:56,0
DA:57,0
DA:58,0
DA:69,0
DA:71,0
DA:74,0
DA:75,0
DA:84,2
DA:86,2
DA:87,2
DA:88,2
DA:89,1
DA:91,4
DA:95,0
DA:98,0
DA:103,0
DA:105,0
DA:114,0
DA:117,0
DA:125,0
DA:127,0
DA:131,1
DA:132,0
DA:135,1
DA:137,1
DA:138,10
DA:144,1
DA:148,2
LF:58
LH:19
BRDA:21,0,0,0
BRDA:21,0,1,0
BRDA:21,1,0,0
BRDA:21,1,1,0
BRDA:21,2,0,0
BRDA:21,2,1,0
BRDA:24,3,0,0
BRDA:24,3,1,0
BRDA:24,4,0,0
BRDA:24,4,1,0
BRDA:24,5,0,0
BRDA:24,5,1,0
BRDA:34,6,0,0
BRDA:43,7,0,0
BRDA:43,7,1,0
BRDA:48,8,0,0
BRDA:88,9,0,1
BRDA:131,10,0,0
BRF:18
BRH:1
end_of_record
TN:
SF:src/route/reset.route.ts
FN:14,(anonymous_7)
FN:14,(anonymous_8)
FNF:2
FNH:0
FNDA:0,(anonymous_7)
FNDA:0,(anonymous_8)
DA:2,1
DA:3,1
DA:5,1
DA:6,1
DA:7,1
DA:8,1
DA:9,1
DA:11,1
DA:14,1
DA:15,0
DA:17,0
DA:18,0
DA:20,0
DA:35,0
DA:36,0
DA:37,0
DA:38,0
DA:39,0
DA:40,0
DA:41,0
DA:43,0
DA:44,0
DA:47,0
DA:48,0
DA:53,0
DA:54,0
LF:26
LH:9
BRDA:35,0,0,0
BRF:1
BRH:0
end_of_record
TN:
SF:src/route/user.route.ts
FN:11,(anonymous_7)
FN:11,(anonymous_8)
FN:62,(anonymous_9)
FN:62,(anonymous_10)
FNF:4
FNH:0
FNDA:0,(anonymous_7)
FNDA:0,(anonymous_8)
FNDA:0,(anonymous_9)
FNDA:0,(anonymous_10)
DA:2,1
DA:3,1
DA:5,1
DA:6,1
DA:7,1
DA:9,1
DA:11,1
DA:12,0
DA:13,0
DA:14,0
DA:17,0
DA:18,0
DA:23,0
DA:24,0
DA:25,0
DA:28,0
DA:30,0
DA:31,0
DA:32,0
DA:37,0
DA:38,0
DA:39,0
DA:42,0
DA:45,0
DA:48,0
DA:55,0
DA:56,0
DA:62,1
DA:63,0
DA:64,0
DA:65,0
DA:66,0
DA:67,0
DA:77,0
DA:79,0
DA:80,0
DA:82,0
DA:84,0
DA:89,0
DA:90,0
LF:40
LH:8
BRDA:14,0,0,0
BRDA:14,0,1,0
BRDA:24,1,0,0
BRDA:30,2,0,0
BRDA:30,2,1,0
BRDA:38,3,0,0
BRDA:65,4,0,0
BRDA:65,4,1,0
BRF:8
BRH:0
end_of_record
TN:
SF:src/service/misc.ts
FN:6,getGitRepoDetails
FN:43,npm_2_git
FNF:2
FNH:2
FNDA:2,getGitRepoDetails
FNDA:5,npm_2_git
DA:1,3
DA:2,3
DA:4,3
DA:6,3
DA:16,2
DA:18,0
DA:21,2
DA:25,2
DA:26,1
DA:27,1
DA:29,1
DA:36,1
DA:39,1
DA:41,1
DA:43,3
DA:48,5
DA:51,5
DA:52,5
DA:54,5
DA:55,5
DA:56,5
DA:59,5
DA:62,5
DA:65,5
DA:66,0
DA:67,0
DA:69,5
DA:72,5
DA:73,1
DA:78,1
DA:80,1
DA:83,4
DA:84,3
DA:85,3
DA:87,1
DA:88,1
DA:92,0
DA:93,0
DA:94,0
DA:95,0
DA:96,0
DA:97,0
DA:100,0
DA:101,0
DA:102,0
DA:103,0
DA:104,0
DA:106,0
DA:109,0
DA:114,0
DA:115,0
LF:51
LH:33
BRDA:16,0,0,0
BRDA:16,0,1,2
BRDA:25,1,0,1
BRDA:65,2,0,0
BRDA:72,3,0,1
BRDA:83,4,0,3
BRDA:83,4,1,1
BRDA:93,5,0,0
BRDA:93,5,1,0
BRDA:93,6,0,0
BRDA:93,6,1,0
BRDA:96,7,0,0
BRDA:96,7,1,0
BRDA:96,8,0,0
BRDA:96,8,1,0
BRDA:101,9,0,0
BRDA:101,9,1,0
BRF:17
BRH:5
end_of_record
TN:
SF:src/service/rate.ts
FN:8,ratePackage
FN:25,verify
FNF:2
FNH:0
FNDA:0,ratePackage
FNDA:0,verify
DA:2,2
DA:3,2
DA:4,2
DA:5,2
DA:8,2
DA:9,0
DA:11,0
DA:13,0
DA:14,0
DA:18,0
DA:20,0
DA:22,0
DA:25,2
DA:28,0
DA:30,0
DA:31,0
DA:32,0
DA:33,0
DA:36,0
LF:19
LH:6
BRDA:31,0,0,0
BRF:1
BRH:0
end_of_record
TN:
SF:src/service/zip.ts
FN:17,zipToBase64
FN:26,getPackageZip
FN:53,getContentFromUrl
FN:95,unzipContent
FN:121,(anonymous_22)
FN:138,getInfoFromContent
FN:157,getReadme
FN:169,(anonymous_27)
FN:189,getPackageJSON
FN:210,getPackageJSONObject
FN:227,deleteUnzippedFolder
FN:242,deleteBase64File
FNF:12
FNH:0
FNDA:0,zipToBase64
FNDA:0,getPackageZip
FNDA:0,getContentFromUrl
FNDA:0,unzipContent
FNDA:0,(anonymous_22)
FNDA:0,getInfoFromContent
FNDA:0,getReadme
FNDA:0,(anonymous_27)
FNDA:0,getPackageJSON
FNDA:0,getPackageJSONObject
FNDA:0,deleteUnzippedFolder
FNDA:0,deleteBase64File
DA:1,2
DA:2,2
DA:3,2
DA:4,2
DA:5,2
DA:6,2
DA:7,2
DA:8,2
DA:9,2
DA:10,2
DA:12,2
DA:18,0
DA:19,0
DA:20,0
DA:21,0
DA:23,0
DA:27,0
DA:34,0
DA:42,0
DA:47,0
DA:53,2
DA:58,0
DA:60,0
DA:61,0
DA:62,0
DA:63,0
DA:66,0
DA:67,0
DA:69,0
DA:76,0
DA:83,0
DA:84,0
DA:86,0
DA:89,0
DA:90,0
DA:92,0
DA:95,2
DA:96,0
DA:98,0
DA:99,0
DA:100,0
DA:101,0
DA:113,0
DA:115,0
DA:116,0
DA:117,0
DA:118,0
DA:119,0
DA:120,0
DA:121,0
DA:122,0
DA:123,0
DA:128,0
DA:130,0
DA:132,0
DA:133,0
DA:134,0
DA:138,2
DA:141,0
DA:143,0
DA:144,0
DA:145,0
DA:146,0
DA:149,0
DA:150,0
DA:152,0
DA:154,0
DA:157,2
DA:158,0
DA:164,0
DA:165,0
DA:167,0
DA:168,0
DA:170,0
DA:171,0
DA:176,0
DA:177,0
DA:178,0
DA:181,0
DA:182,0
DA:184,0
DA:186,0
DA:189,2
DA:192,0
DA:194,0
DA:195,0
DA:196,0
DA:201,0
DA:203,0
DA:205,0
DA:206,0
DA:211,0
DA:214,0
DA:215,0
DA:216,0
DA:217,0
DA:218,0
DA:220,0
DA:223,0
DA:224,0
DA:227,2
DA:228,0
DA:231,0
DA:232,0
DA:233,0
DA:235,0
DA:239,0
DA:242,2
DA:243,0
DA:246,0
DA:247,0
DA:248,0
DA:250,0
DA:254,0
LF:114
LH:18
BRDA:61,0,0,0
BRDA:61,1,0,0
BRDA:61,1,1,0
BRDA:61,1,2,0
BRDA:118,2,0,0
BRDA:122,3,0,0
BRDA:144,4,0,0
BRDA:170,5,0,0
BRDA:176,6,0,0
BRDA:214,7,0,0
BRDA:216,8,0,0
BRDA:231,9,0,0
BRDA:246,10,0,0
BRF:13
BRH:0
end_of_record
